2023-03-04 13:42:12.569 [info] Extension host with pid 93 started
2023-03-04 13:42:12.763 [info] ExtensionService#_doActivateExtension vscode.emmet, startup: false, activationEvent: 'onLanguage'
2023-03-04 13:42:12.766 [info] ExtensionService#_doActivateExtension vscode.css-language-features, startup: false, activationEvent: 'onLanguage:css'
2023-03-04 13:42:12.767 [info] ExtensionService#_doActivateExtension vscode.git-base, startup: true, activationEvent: '*', root cause: vscode.git
2023-03-04 13:42:12.792 [info] Lock '/home/tatiana/.vscode-server/data/User/workspaceStorage/b2d90983c8e7d13d8d3ebebc1782fcd4/vscode.lock': Lock acquired.
2023-03-04 13:42:13.428 [info] ExtensionService#_doActivateExtension vscode.git, startup: true, activationEvent: '*'
2023-03-04 13:42:13.429 [info] ExtensionService#_doActivateExtension vscode.github, startup: true, activationEvent: '*'
2023-03-04 13:42:14.695 [info] Eager extensions activated
2023-03-04 13:42:14.697 [info] ExtensionService#_doActivateExtension vscode.debug-auto-launch, startup: false, activationEvent: 'onStartupFinished'
2023-03-04 13:42:14.706 [info] ExtensionService#_doActivateExtension vscode.merge-conflict, startup: false, activationEvent: 'onStartupFinished'
2023-03-04 13:42:14.707 [info] ExtensionService#_doActivateExtension vscode.npm, startup: false, activationEvent: 'onStartupFinished', root cause: esbenp.prettier-vscode
2023-03-04 13:42:14.708 [info] ExtensionService#_doActivateExtension ritwickdey.LiveServer, startup: false, activationEvent: 'onStartupFinished'
2023-03-04 13:42:16.736 [error] {"message":"Git error","stdout":"","stderr":"fatal: Pathspec '/home/tatiana/bigote-1/estilo.css' is in submodule 'bigote-1'\n","exitCode":128,"gitErrorCode":"IsInSubmodule"}
2023-03-04 13:42:16.736 [error] {"message":"Git error","stdout":"","stderr":"fatal: Pathspec '/home/tatiana/bigote-1/estilo.css' is in submodule 'bigote-1'\n","exitCode":128,"gitErrorCode":"IsInSubmodule"}
2023-03-04 13:42:16.736 [error] {"message":"Git error","stdout":"","stderr":"fatal: Pathspec '/home/tatiana/bigote-1/estilo.css' is in submodule 'bigote-1'\n","exitCode":128,"gitErrorCode":"IsInSubmodule"}
2023-03-04 13:42:16.736 [error] {"message":"Git error","stdout":"","stderr":"fatal: Pathspec '/home/tatiana/bigote-1/estilo.css' is in submodule 'bigote-1'\n","exitCode":128,"gitErrorCode":"IsInSubmodule"}
2023-03-04 13:42:16.736 [error] {"message":"Git error","stdout":"","stderr":"fatal: Pathspec '/home/tatiana/bigote-1/estilo.css' is in submodule 'bigote-1'\n","exitCode":128,"gitErrorCode":"IsInSubmodule"}
2023-03-04 13:42:16.736 [error] {"message":"Git error","stdout":"","stderr":"fatal: Pathspec '/home/tatiana/bigote-1/estilo.css' is in submodule 'bigote-1'\n","exitCode":128,"gitErrorCode":"IsInSubmodule"}
2023-03-04 13:42:16.736 [error] {"message":"Git error","stdout":"","stderr":"fatal: Pathspec '/home/tatiana/bigote-1/estilo.css' is in submodule 'bigote-1'\n","exitCode":128,"gitErrorCode":"IsInSubmodule"}
2023-03-04 13:42:16.736 [error] {"message":"Git error","stdout":"","stderr":"fatal: Pathspec '/home/tatiana/bigote-1/estilo.css' is in submodule 'bigote-1'\n","exitCode":128,"gitErrorCode":"IsInSubmodule"}
2023-03-04 13:42:16.736 [error] {"message":"Git error","stdout":"","stderr":"fatal: Pathspec '/home/tatiana/bigote-1/estilo.css' is in submodule 'bigote-1'\n","exitCode":128,"gitErrorCode":"IsInSubmodule"}
2023-03-04 13:42:16.736 [error] {"message":"Git error","stdout":"","stderr":"fatal: Pathspec '/home/tatiana/bigote-1/estilo.css' is in submodule 'bigote-1'\n","exitCode":128,"gitErrorCode":"IsInSubmodule"}
2023-03-04 13:42:16.737 [error] {"message":"Git error","stdout":"","stderr":"fatal: Pathspec '/home/tatiana/bigote-1/estilo.css' is in submodule 'bigote-1'\n","exitCode":128,"gitErrorCode":"IsInSubmodule"}
2023-03-04 13:42:16.737 [error] {"message":"Git error","stdout":"","stderr":"fatal: Pathspec '/home/tatiana/bigote-1/estilo.css' is in submodule 'bigote-1'\n","exitCode":128,"gitErrorCode":"IsInSubmodule"}
2023-03-04 13:42:16.737 [error] {"message":"Git error","stdout":"","stderr":"fatal: Pathspec '/home/tatiana/bigote-1/estilo.css' is in submodule 'bigote-1'\n","exitCode":128,"gitErrorCode":"IsInSubmodule"}
2023-03-04 13:42:16.737 [error] {"message":"Git error","stdout":"","stderr":"fatal: Pathspec '/home/tatiana/bigote-1/estilo.css' is in submodule 'bigote-1'\n","exitCode":128,"gitErrorCode":"IsInSubmodule"}
2023-03-04 13:42:16.737 [error] {"message":"Git error","stdout":"","stderr":"fatal: Pathspec '/home/tatiana/bigote-1/estilo.css' is in submodule 'bigote-1'\n","exitCode":128,"gitErrorCode":"IsInSubmodule"}
2023-03-04 13:42:16.737 [error] {"message":"Git error","stdout":"","stderr":"fatal: Pathspec '/home/tatiana/bigote-1/estilo.css' is in submodule 'bigote-1'\n","exitCode":128,"gitErrorCode":"IsInSubmodule"}
2023-03-04 13:42:16.737 [error] {"message":"Git error","stdout":"","stderr":"fatal: Pathspec '/home/tatiana/bigote-1/estilo.css' is in submodule 'bigote-1'\n","exitCode":128,"gitErrorCode":"IsInSubmodule"}
2023-03-04 13:42:16.737 [error] {"message":"Git error","stdout":"","stderr":"fatal: Pathspec '/home/tatiana/bigote-1/estilo.css' is in submodule 'bigote-1'\n","exitCode":128,"gitErrorCode":"IsInSubmodule"}
2023-03-04 13:42:16.737 [error] {"message":"Git error","stdout":"","stderr":"fatal: Pathspec '/home/tatiana/bigote-1/estilo.css' is in submodule 'bigote-1'\n","exitCode":128,"gitErrorCode":"IsInSubmodule"}
2023-03-04 13:42:16.738 [error] {"message":"Git error","stdout":"","stderr":"fatal: Pathspec '/home/tatiana/bigote-1/estilo.css' is in submodule 'bigote-1'\n","exitCode":128,"gitErrorCode":"IsInSubmodule"}
2023-03-04 13:42:16.738 [error] {"message":"Git error","stdout":"","stderr":"fatal: Pathspec '/home/tatiana/bigote-1/estilo.css' is in submodule 'bigote-1'\n","exitCode":128,"gitErrorCode":"IsInSubmodule"}
2023-03-04 13:42:16.738 [error] {"message":"Git error","stdout":"","stderr":"fatal: Pathspec '/home/tatiana/bigote-1/estilo.css' is in submodule 'bigote-1'\n","exitCode":128,"gitErrorCode":"IsInSubmodule"}
2023-03-04 13:42:16.738 [error] {"message":"Git error","stdout":"","stderr":"fatal: Pathspec '/home/tatiana/bigote-1/estilo.css' is in submodule 'bigote-1'\n","exitCode":128,"gitErrorCode":"IsInSubmodule"}
2023-03-04 13:42:16.738 [error] {"message":"Git error","stdout":"","stderr":"fatal: Pathspec '/home/tatiana/bigote-1/estilo.css' is in submodule 'bigote-1'\n","exitCode":128,"gitErrorCode":"IsInSubmodule"}
2023-03-04 13:42:16.738 [error] {"message":"Git error","stdout":"","stderr":"fatal: Pathspec '/home/tatiana/bigote-1/estilo.css' is in submodule 'bigote-1'\n","exitCode":128,"gitErrorCode":"IsInSubmodule"}
2023-03-04 13:42:16.738 [error] {"message":"Git error","stdout":"","stderr":"fatal: Pathspec '/home/tatiana/bigote-1/estilo.css' is in submodule 'bigote-1'\n","exitCode":128,"gitErrorCode":"IsInSubmodule"}
2023-03-04 13:42:16.738 [error] {"message":"Git error","stdout":"","stderr":"fatal: Pathspec '/home/tatiana/bigote-1/estilo.css' is in submodule 'bigote-1'\n","exitCode":128,"gitErrorCode":"IsInSubmodule"}
2023-03-04 13:42:16.738 [error] {"message":"Git error","stdout":"","stderr":"fatal: Pathspec '/home/tatiana/bigote-1/estilo.css' is in submodule 'bigote-1'\n","exitCode":128,"gitErrorCode":"IsInSubmodule"}
2023-03-04 13:42:16.738 [error] {"message":"Git error","stdout":"","stderr":"fatal: Pathspec '/home/tatiana/bigote-1/estilo.css' is in submodule 'bigote-1'\n","exitCode":128,"gitErrorCode":"IsInSubmodule"}
2023-03-04 13:42:16.738 [error] {"message":"Git error","stdout":"","stderr":"fatal: Pathspec '/home/tatiana/bigote-1/estilo.css' is in submodule 'bigote-1'\n","exitCode":128,"gitErrorCode":"IsInSubmodule"}
2023-03-04 13:42:16.738 [error] {"message":"Git error","stdout":"","stderr":"fatal: Pathspec '/home/tatiana/bigote-1/estilo.css' is in submodule 'bigote-1'\n","exitCode":128,"gitErrorCode":"IsInSubmodule"}
2023-03-04 13:42:16.738 [error] {"message":"Git error","stdout":"","stderr":"fatal: Pathspec '/home/tatiana/bigote-1/estilo.css' is in submodule 'bigote-1'\n","exitCode":128,"gitErrorCode":"IsInSubmodule"}
2023-03-04 13:42:16.738 [error] {"message":"Git error","stdout":"","stderr":"fatal: Pathspec '/home/tatiana/bigote-1/estilo.css' is in submodule 'bigote-1'\n","exitCode":128,"gitErrorCode":"IsInSubmodule"}
2023-03-04 13:42:17.913 [warning] [Decorations] CAPPING events from decorations provider vscode.git 7007
2023-03-04 13:42:18.945 [error] {"message":"Git error","stdout":"","stderr":"fatal: Pathspec '/home/tatiana/bigote-1/estilo.css' is in submodule 'bigote-1'\n","exitCode":128,"gitErrorCode":"IsInSubmodule"}
2023-03-04 13:42:18.948 [error] {"message":"Git error","stdout":"","stderr":"fatal: Pathspec '/home/tatiana/bigote-1/estilo.css' is in submodule 'bigote-1'\n","exitCode":128,"gitErrorCode":"IsInSubmodule"}
2023-03-04 13:42:18.949 [error] {"message":"Git error","stdout":"","stderr":"fatal: Pathspec '/home/tatiana/bigote-1/estilo.css' is in submodule 'bigote-1'\n","exitCode":128,"gitErrorCode":"IsInSubmodule"}
2023-03-04 13:42:18.950 [error] {"message":"Git error","stdout":"","stderr":"fatal: Pathspec '/home/tatiana/bigote-1/estilo.css' is in submodule 'bigote-1'\n","exitCode":128,"gitErrorCode":"IsInSubmodule"}
2023-03-04 13:42:18.951 [error] {"message":"Git error","stdout":"","stderr":"fatal: Pathspec '/home/tatiana/bigote-1/estilo.css' is in submodule 'bigote-1'\n","exitCode":128,"gitErrorCode":"IsInSubmodule"}
2023-03-04 13:42:18.951 [error] {"message":"Git error","stdout":"","stderr":"fatal: Pathspec '/home/tatiana/bigote-1/estilo.css' is in submodule 'bigote-1'\n","exitCode":128,"gitErrorCode":"IsInSubmodule"}
2023-03-04 13:42:18.952 [error] {"message":"Git error","stdout":"","stderr":"fatal: Pathspec '/home/tatiana/bigote-1/estilo.css' is in submodule 'bigote-1'\n","exitCode":128,"gitErrorCode":"IsInSubmodule"}
2023-03-04 13:42:18.952 [error] {"message":"Git error","stdout":"","stderr":"fatal: Pathspec '/home/tatiana/bigote-1/estilo.css' is in submodule 'bigote-1'\n","exitCode":128,"gitErrorCode":"IsInSubmodule"}
2023-03-04 13:42:18.953 [error] {"message":"Git error","stdout":"","stderr":"fatal: Pathspec '/home/tatiana/bigote-1/estilo.css' is in submodule 'bigote-1'\n","exitCode":128,"gitErrorCode":"IsInSubmodule"}
2023-03-04 13:42:18.953 [error] {"message":"Git error","stdout":"","stderr":"fatal: Pathspec '/home/tatiana/bigote-1/estilo.css' is in submodule 'bigote-1'\n","exitCode":128,"gitErrorCode":"IsInSubmodule"}
2023-03-04 13:42:18.954 [error] {"message":"Git error","stdout":"","stderr":"fatal: Pathspec '/home/tatiana/bigote-1/estilo.css' is in submodule 'bigote-1'\n","exitCode":128,"gitErrorCode":"IsInSubmodule"}
2023-03-04 13:42:18.954 [error] {"message":"Git error","stdout":"","stderr":"fatal: Pathspec '/home/tatiana/bigote-1/estilo.css' is in submodule 'bigote-1'\n","exitCode":128,"gitErrorCode":"IsInSubmodule"}
2023-03-04 13:42:18.955 [error] {"message":"Git error","stdout":"","stderr":"fatal: Pathspec '/home/tatiana/bigote-1/estilo.css' is in submodule 'bigote-1'\n","exitCode":128,"gitErrorCode":"IsInSubmodule"}
2023-03-04 13:42:18.955 [error] {"message":"Git error","stdout":"","stderr":"fatal: Pathspec '/home/tatiana/bigote-1/estilo.css' is in submodule 'bigote-1'\n","exitCode":128,"gitErrorCode":"IsInSubmodule"}
2023-03-04 13:42:18.955 [error] {"message":"Git error","stdout":"","stderr":"fatal: Pathspec '/home/tatiana/bigote-1/estilo.css' is in submodule 'bigote-1'\n","exitCode":128,"gitErrorCode":"IsInSubmodule"}
2023-03-04 13:42:18.956 [error] {"message":"Git error","stdout":"","stderr":"fatal: Pathspec '/home/tatiana/bigote-1/estilo.css' is in submodule 'bigote-1'\n","exitCode":128,"gitErrorCode":"IsInSubmodule"}
2023-03-04 13:42:18.957 [error] {"message":"Git error","stdout":"","stderr":"fatal: Pathspec '/home/tatiana/bigote-1/estilo.css' is in submodule 'bigote-1'\n","exitCode":128,"gitErrorCode":"IsInSubmodule"}
2023-03-04 13:42:18.957 [error] {"message":"Git error","stdout":"","stderr":"fatal: Pathspec '/home/tatiana/bigote-1/estilo.css' is in submodule 'bigote-1'\n","exitCode":128,"gitErrorCode":"IsInSubmodule"}
2023-03-04 13:42:20.158 [info] ExtensionService#_doActivateExtension esbenp.prettier-vscode, startup: false, activationEvent: 'onStartupFinished'
2023-03-04 13:42:20.770 [warning] [Decorations] CAPPING events from decorations provider vscode.git 7011
2023-03-04 13:42:54.406 [warning] [Decorations] CAPPING events from decorations provider vscode.git 7012
2023-03-04 13:43:00.008 [warning] [Decorations] CAPPING events from decorations provider vscode.git 7012
2023-03-04 13:43:05.799 [warning] [Decorations] CAPPING events from decorations provider vscode.git 7012
2023-03-04 13:43:11.387 [warning] [Decorations] CAPPING events from decorations provider vscode.git 7002
2023-03-04 13:43:17.106 [warning] [Decorations] CAPPING events from decorations provider vscode.git 7002
2023-03-04 13:43:22.879 [warning] [Decorations] CAPPING events from decorations provider vscode.git 7002
2023-03-04 13:43:27.460 [info] ExtensionService#_doActivateExtension vscode.html-language-features, startup: false, activationEvent: 'onLanguage:html'
2023-03-04 13:43:29.943 [warning] [Decorations] CAPPING events from decorations provider vscode.git 7003
2023-03-04 13:43:35.681 [warning] [Decorations] CAPPING events from decorations provider vscode.git 7003
2023-03-04 13:43:41.263 [warning] [Decorations] CAPPING events from decorations provider vscode.git 7003
2023-03-04 13:43:43.627 [info] Extension host terminating: received terminate message from renderer
2023-03-04 13:43:43.628 [info] Lock '/home/tatiana/.vscode-server/data/User/workspaceStorage/b2d90983c8e7d13d8d3ebebc1782fcd4/vscode.lock': Marking the lockfile as scheduled to be released in 6000 ms.
2023-03-04 13:43:43.775 [error] Canceled: Canceled
	at new a (/home/tatiana/.vscode-server/bin/92da9481c0904c6adfe372c12da3b7748d74bdcb/out/vs/workbench/api/node/extensionHostProcess.js:96:88793)
	at c.O (/home/tatiana/.vscode-server/bin/92da9481c0904c6adfe372c12da3b7748d74bdcb/out/vs/workbench/api/node/extensionHostProcess.js:106:11260)
	at Proxy.V.<computed>.Q.charCodeAt.V.<computed> (/home/tatiana/.vscode-server/bin/92da9481c0904c6adfe372c12da3b7748d74bdcb/out/vs/workbench/api/node/extensionHostProcess.js:106:8550)
	at l.g (/home/tatiana/.vscode-server/bin/92da9481c0904c6adfe372c12da3b7748d74bdcb/out/vs/workbench/api/node/extensionHostProcess.js:96:108198)
	at l.executeCommand (/home/tatiana/.vscode-server/bin/92da9481c0904c6adfe372c12da3b7748d74bdcb/out/vs/workbench/api/node/extensionHostProcess.js:96:107574)
	at O.registerCommand.description (/home/tatiana/.vscode-server/bin/92da9481c0904c6adfe372c12da3b7748d74bdcb/out/vs/workbench/api/node/extensionHostProcess.js:96:106867)
	at l.h (/home/tatiana/.vscode-server/bin/92da9481c0904c6adfe372c12da3b7748d74bdcb/out/vs/workbench/api/node/extensionHostProcess.js:96:108784)
	at l.g (/home/tatiana/.vscode-server/bin/92da9481c0904c6adfe372c12da3b7748d74bdcb/out/vs/workbench/api/node/extensionHostProcess.js:96:107674)
	at l.executeCommand (/home/tatiana/.vscode-server/bin/92da9481c0904c6adfe372c12da3b7748d74bdcb/out/vs/workbench/api/node/extensionHostProcess.js:96:107574)
	at Object.executeCommand (/home/tatiana/.vscode-server/bin/92da9481c0904c6adfe372c12da3b7748d74bdcb/out/vs/workbench/api/node/extensionHostProcess.js:117:30781)
	at D (/home/tatiana/.vscode-server/bin/92da9481c0904c6adfe372c12da3b7748d74bdcb/extensions/git/dist/main.js:2:1467127)
	at f.invoke (/home/tatiana/.vscode-server/bin/92da9481c0904c6adfe372c12da3b7748d74bdcb/out/vs/workbench/api/node/extensionHostProcess.js:63:145)
	at g.deliver (/home/tatiana/.vscode-server/bin/92da9481c0904c6adfe372c12da3b7748d74bdcb/out/vs/workbench/api/node/extensionHostProcess.js:63:2066)
	at h.fire (/home/tatiana/.vscode-server/bin/92da9481c0904c6adfe372c12da3b7748d74bdcb/out/vs/workbench/api/node/extensionHostProcess.js:63:1704)
	at Object.m [as dispose] (/home/tatiana/.vscode-server/bin/92da9481c0904c6adfe372c12da3b7748d74bdcb/extensions/git/dist/main.js:2:1481856)
	at /home/tatiana/.vscode-server/bin/92da9481c0904c6adfe372c12da3b7748d74bdcb/extensions/git/dist/main.js:2:1485923
	at Array.forEach (<anonymous>)
	at g.dispose (/home/tatiana/.vscode-server/bin/92da9481c0904c6adfe372c12da3b7748d74bdcb/extensions/git/dist/main.js:2:1485909)
	at D.<anonymous> (/home/tatiana/.vscode-server/bin/92da9481c0904c6adfe372c12da3b7748d74bdcb/out/vs/workbench/api/node/extensionHostProcess.js:94:12431)
	at D.dispose (/home/tatiana/.vscode-server/bin/92da9481c0904c6adfe372c12da3b7748d74bdcb/out/vs/workbench/api/node/extensionHostProcess.js:94:12566)
	at D.<anonymous> (/home/tatiana/.vscode-server/bin/92da9481c0904c6adfe372c12da3b7748d74bdcb/extensions/git/dist/main.js:2:1469257)
	at D.dispose (/home/tatiana/.vscode-server/bin/92da9481c0904c6adfe372c12da3b7748d74bdcb/out/vs/workbench/api/node/extensionHostProcess.js:94:12566)
	at k (/home/tatiana/.vscode-server/bin/92da9481c0904c6adfe372c12da3b7748d74bdcb/out/vs/workbench/api/node/extensionHostProcess.js:10:12074)
	at f.X (/home/tatiana/.vscode-server/bin/92da9481c0904c6adfe372c12da3b7748d74bdcb/out/vs/workbench/api/node/extensionHostProcess.js:108:11284)
	at /home/tatiana/.vscode-server/bin/92da9481c0904c6adfe372c12da3b7748d74bdcb/out/vs/workbench/api/node/extensionHostProcess.js:108:9088
	at Array.map (<anonymous>)
	at f.Q (/home/tatiana/.vscode-server/bin/92da9481c0904c6adfe372c12da3b7748d74bdcb/out/vs/workbench/api/node/extensionHostProcess.js:108:9075)
	at f.terminate (/home/tatiana/.vscode-server/bin/92da9481c0904c6adfe372c12da3b7748d74bdcb/out/vs/workbench/api/node/extensionHostProcess.js:108:9347)
	at u.terminate (/home/tatiana/.vscode-server/bin/92da9481c0904c6adfe372c12da3b7748d74bdcb/out/vs/workbench/api/node/extensionHostProcess.js:112:1397)
	at p (/home/tatiana/.vscode-server/bin/92da9481c0904c6adfe372c12da3b7748d74bdcb/out/vs/workbench/api/node/extensionHostProcess.js:122:18592)
	at /home/tatiana/.vscode-server/bin/92da9481c0904c6adfe372c12da3b7748d74bdcb/out/vs/workbench/api/node/extensionHostProcess.js:122:16502
	at f.invoke (/home/tatiana/.vscode-server/bin/92da9481c0904c6adfe372c12da3b7748d74bdcb/out/vs/workbench/api/node/extensionHostProcess.js:63:145)
	at g.deliver (/home/tatiana/.vscode-server/bin/92da9481c0904c6adfe372c12da3b7748d74bdcb/out/vs/workbench/api/node/extensionHostProcess.js:63:2066)
	at h.fire (/home/tatiana/.vscode-server/bin/92da9481c0904c6adfe372c12da3b7748d74bdcb/out/vs/workbench/api/node/extensionHostProcess.js:63:1704)
	at p.fire (/home/tatiana/.vscode-server/bin/92da9481c0904c6adfe372c12da3b7748d74bdcb/out/vs/workbench/api/node/extensionHostProcess.js:72:14907)
	at t.E (/home/tatiana/.vscode-server/bin/92da9481c0904c6adfe372c12da3b7748d74bdcb/out/vs/workbench/api/node/extensionHostProcess.js:72:18973)
	at /home/tatiana/.vscode-server/bin/92da9481c0904c6adfe372c12da3b7748d74bdcb/out/vs/workbench/api/node/extensionHostProcess.js:72:16961
	at f.invoke (/home/tatiana/.vscode-server/bin/92da9481c0904c6adfe372c12da3b7748d74bdcb/out/vs/workbench/api/node/extensionHostProcess.js:63:145)
	at g.deliver (/home/tatiana/.vscode-server/bin/92da9481c0904c6adfe372c12da3b7748d74bdcb/out/vs/workbench/api/node/extensionHostProcess.js:63:2066)
	at h.fire (/home/tatiana/.vscode-server/bin/92da9481c0904c6adfe372c12da3b7748d74bdcb/out/vs/workbench/api/node/extensionHostProcess.js:63:1704)
	at u.acceptChunk (/home/tatiana/.vscode-server/bin/92da9481c0904c6adfe372c12da3b7748d74bdcb/out/vs/workbench/api/node/extensionHostProcess.js:72:12638)
	at /home/tatiana/.vscode-server/bin/92da9481c0904c6adfe372c12da3b7748d74bdcb/out/vs/workbench/api/node/extensionHostProcess.js:72:11925
	at f.invoke (/home/tatiana/.vscode-server/bin/92da9481c0904c6adfe372c12da3b7748d74bdcb/out/vs/workbench/api/node/extensionHostProcess.js:63:145)
	at g.deliver (/home/tatiana/.vscode-server/bin/92da9481c0904c6adfe372c12da3b7748d74bdcb/out/vs/workbench/api/node/extensionHostProcess.js:63:2066)
	at h.fire (/home/tatiana/.vscode-server/bin/92da9481c0904c6adfe372c12da3b7748d74bdcb/out/vs/workbench/api/node/extensionHostProcess.js:63:1704)
	at h.u (/home/tatiana/.vscode-server/bin/92da9481c0904c6adfe372c12da3b7748d74bdcb/out/vs/workbench/api/node/extensionHostProcess.js:72:28911)
	at h.acceptFrame (/home/tatiana/.vscode-server/bin/92da9481c0904c6adfe372c12da3b7748d74bdcb/out/vs/workbench/api/node/extensionHostProcess.js:72:28717)
	at f.l (/home/tatiana/.vscode-server/bin/92da9481c0904c6adfe372c12da3b7748d74bdcb/out/vs/workbench/api/node/extensionHostProcess.js:72:27304)
	at /home/tatiana/.vscode-server/bin/92da9481c0904c6adfe372c12da3b7748d74bdcb/out/vs/workbench/api/node/extensionHostProcess.js:72:24627
	at Socket.t (/home/tatiana/.vscode-server/bin/92da9481c0904c6adfe372c12da3b7748d74bdcb/out/vs/workbench/api/node/extensionHostProcess.js:72:22461)
	at Socket.emit (node:events:526:28)
	at addChunk (node:internal/streams/readable:315:12)
	at readableAddChunk (node:internal/streams/readable:289:9)
	at Socket.Readable.push (node:internal/streams/readable:228:10)
	at TCP.onStreamRead (node:internal/stream_base_commons:190:23) setContext undefined
2023-03-04 13:43:43.776 [error] Canceled: Canceled
	at new a (/home/tatiana/.vscode-server/bin/92da9481c0904c6adfe372c12da3b7748d74bdcb/out/vs/workbench/api/node/extensionHostProcess.js:96:88793)
	at c.O (/home/tatiana/.vscode-server/bin/92da9481c0904c6adfe372c12da3b7748d74bdcb/out/vs/workbench/api/node/extensionHostProcess.js:106:11260)
	at Proxy.V.<computed>.Q.charCodeAt.V.<computed> (/home/tatiana/.vscode-server/bin/92da9481c0904c6adfe372c12da3b7748d74bdcb/out/vs/workbench/api/node/extensionHostProcess.js:106:8550)
	at l.g (/home/tatiana/.vscode-server/bin/92da9481c0904c6adfe372c12da3b7748d74bdcb/out/vs/workbench/api/node/extensionHostProcess.js:96:108198)
	at l.executeCommand (/home/tatiana/.vscode-server/bin/92da9481c0904c6adfe372c12da3b7748d74bdcb/out/vs/workbench/api/node/extensionHostProcess.js:96:107574)
	at O.registerCommand.description (/home/tatiana/.vscode-server/bin/92da9481c0904c6adfe372c12da3b7748d74bdcb/out/vs/workbench/api/node/extensionHostProcess.js:96:106867)
	at l.h (/home/tatiana/.vscode-server/bin/92da9481c0904c6adfe372c12da3b7748d74bdcb/out/vs/workbench/api/node/extensionHostProcess.js:96:108784)
	at l.g (/home/tatiana/.vscode-server/bin/92da9481c0904c6adfe372c12da3b7748d74bdcb/out/vs/workbench/api/node/extensionHostProcess.js:96:107674)
	at l.executeCommand (/home/tatiana/.vscode-server/bin/92da9481c0904c6adfe372c12da3b7748d74bdcb/out/vs/workbench/api/node/extensionHostProcess.js:96:107574)
	at Object.executeCommand (/home/tatiana/.vscode-server/bin/92da9481c0904c6adfe372c12da3b7748d74bdcb/out/vs/workbench/api/node/extensionHostProcess.js:117:30781)
	at D (/home/tatiana/.vscode-server/bin/92da9481c0904c6adfe372c12da3b7748d74bdcb/extensions/git/dist/main.js:2:1467127)
	at f.invoke (/home/tatiana/.vscode-server/bin/92da9481c0904c6adfe372c12da3b7748d74bdcb/out/vs/workbench/api/node/extensionHostProcess.js:63:145)
	at g.deliver (/home/tatiana/.vscode-server/bin/92da9481c0904c6adfe372c12da3b7748d74bdcb/out/vs/workbench/api/node/extensionHostProcess.js:63:2066)
	at h.fire (/home/tatiana/.vscode-server/bin/92da9481c0904c6adfe372c12da3b7748d74bdcb/out/vs/workbench/api/node/extensionHostProcess.js:63:1704)
	at Object.m [as dispose] (/home/tatiana/.vscode-server/bin/92da9481c0904c6adfe372c12da3b7748d74bdcb/extensions/git/dist/main.js:2:1481856)
	at /home/tatiana/.vscode-server/bin/92da9481c0904c6adfe372c12da3b7748d74bdcb/extensions/git/dist/main.js:2:1485923
	at Array.forEach (<anonymous>)
	at g.dispose (/home/tatiana/.vscode-server/bin/92da9481c0904c6adfe372c12da3b7748d74bdcb/extensions/git/dist/main.js:2:1485909)
	at D.<anonymous> (/home/tatiana/.vscode-server/bin/92da9481c0904c6adfe372c12da3b7748d74bdcb/out/vs/workbench/api/node/extensionHostProcess.js:94:12431)
	at D.dispose (/home/tatiana/.vscode-server/bin/92da9481c0904c6adfe372c12da3b7748d74bdcb/out/vs/workbench/api/node/extensionHostProcess.js:94:12566)
	at D.<anonymous> (/home/tatiana/.vscode-server/bin/92da9481c0904c6adfe372c12da3b7748d74bdcb/extensions/git/dist/main.js:2:1469257)
	at D.dispose (/home/tatiana/.vscode-server/bin/92da9481c0904c6adfe372c12da3b7748d74bdcb/out/vs/workbench/api/node/extensionHostProcess.js:94:12566)
	at k (/home/tatiana/.vscode-server/bin/92da9481c0904c6adfe372c12da3b7748d74bdcb/out/vs/workbench/api/node/extensionHostProcess.js:10:12074)
	at f.X (/home/tatiana/.vscode-server/bin/92da9481c0904c6adfe372c12da3b7748d74bdcb/out/vs/workbench/api/node/extensionHostProcess.js:108:11284)
	at /home/tatiana/.vscode-server/bin/92da9481c0904c6adfe372c12da3b7748d74bdcb/out/vs/workbench/api/node/extensionHostProcess.js:108:9088
	at Array.map (<anonymous>)
	at f.Q (/home/tatiana/.vscode-server/bin/92da9481c0904c6adfe372c12da3b7748d74bdcb/out/vs/workbench/api/node/extensionHostProcess.js:108:9075)
	at f.terminate (/home/tatiana/.vscode-server/bin/92da9481c0904c6adfe372c12da3b7748d74bdcb/out/vs/workbench/api/node/extensionHostProcess.js:108:9347)
	at u.terminate (/home/tatiana/.vscode-server/bin/92da9481c0904c6adfe372c12da3b7748d74bdcb/out/vs/workbench/api/node/extensionHostProcess.js:112:1397)
	at p (/home/tatiana/.vscode-server/bin/92da9481c0904c6adfe372c12da3b7748d74bdcb/out/vs/workbench/api/node/extensionHostProcess.js:122:18592)
	at /home/tatiana/.vscode-server/bin/92da9481c0904c6adfe372c12da3b7748d74bdcb/out/vs/workbench/api/node/extensionHostProcess.js:122:16502
	at f.invoke (/home/tatiana/.vscode-server/bin/92da9481c0904c6adfe372c12da3b7748d74bdcb/out/vs/workbench/api/node/extensionHostProcess.js:63:145)
	at g.deliver (/home/tatiana/.vscode-server/bin/92da9481c0904c6adfe372c12da3b7748d74bdcb/out/vs/workbench/api/node/extensionHostProcess.js:63:2066)
	at h.fire (/home/tatiana/.vscode-server/bin/92da9481c0904c6adfe372c12da3b7748d74bdcb/out/vs/workbench/api/node/extensionHostProcess.js:63:1704)
	at p.fire (/home/tatiana/.vscode-server/bin/92da9481c0904c6adfe372c12da3b7748d74bdcb/out/vs/workbench/api/node/extensionHostProcess.js:72:14907)
	at t.E (/home/tatiana/.vscode-server/bin/92da9481c0904c6adfe372c12da3b7748d74bdcb/out/vs/workbench/api/node/extensionHostProcess.js:72:18973)
	at /home/tatiana/.vscode-server/bin/92da9481c0904c6adfe372c12da3b7748d74bdcb/out/vs/workbench/api/node/extensionHostProcess.js:72:16961
	at f.invoke (/home/tatiana/.vscode-server/bin/92da9481c0904c6adfe372c12da3b7748d74bdcb/out/vs/workbench/api/node/extensionHostProcess.js:63:145)
	at g.deliver (/home/tatiana/.vscode-server/bin/92da9481c0904c6adfe372c12da3b7748d74bdcb/out/vs/workbench/api/node/extensionHostProcess.js:63:2066)
	at h.fire (/home/tatiana/.vscode-server/bin/92da9481c0904c6adfe372c12da3b7748d74bdcb/out/vs/workbench/api/node/extensionHostProcess.js:63:1704)
	at u.acceptChunk (/home/tatiana/.vscode-server/bin/92da9481c0904c6adfe372c12da3b7748d74bdcb/out/vs/workbench/api/node/extensionHostProcess.js:72:12638)
	at /home/tatiana/.vscode-server/bin/92da9481c0904c6adfe372c12da3b7748d74bdcb/out/vs/workbench/api/node/extensionHostProcess.js:72:11925
	at f.invoke (/home/tatiana/.vscode-server/bin/92da9481c0904c6adfe372c12da3b7748d74bdcb/out/vs/workbench/api/node/extensionHostProcess.js:63:145)
	at g.deliver (/home/tatiana/.vscode-server/bin/92da9481c0904c6adfe372c12da3b7748d74bdcb/out/vs/workbench/api/node/extensionHostProcess.js:63:2066)
	at h.fire (/home/tatiana/.vscode-server/bin/92da9481c0904c6adfe372c12da3b7748d74bdcb/out/vs/workbench/api/node/extensionHostProcess.js:63:1704)
	at h.u (/home/tatiana/.vscode-server/bin/92da9481c0904c6adfe372c12da3b7748d74bdcb/out/vs/workbench/api/node/extensionHostProcess.js:72:28911)
	at h.acceptFrame (/home/tatiana/.vscode-server/bin/92da9481c0904c6adfe372c12da3b7748d74bdcb/out/vs/workbench/api/node/extensionHostProcess.js:72:28717)
	at f.l (/home/tatiana/.vscode-server/bin/92da9481c0904c6adfe372c12da3b7748d74bdcb/out/vs/workbench/api/node/extensionHostProcess.js:72:27304)
	at /home/tatiana/.vscode-server/bin/92da9481c0904c6adfe372c12da3b7748d74bdcb/out/vs/workbench/api/node/extensionHostProcess.js:72:24627
	at Socket.t (/home/tatiana/.vscode-server/bin/92da9481c0904c6adfe372c12da3b7748d74bdcb/out/vs/workbench/api/node/extensionHostProcess.js:72:22461)
	at Socket.emit (node:events:526:28)
	at addChunk (node:internal/streams/readable:315:12)
	at readableAddChunk (node:internal/streams/readable:289:9)
	at Socket.Readable.push (node:internal/streams/readable:228:10)
	at TCP.onStreamRead (node:internal/stream_base_commons:190:23) setContext undefined
2023-03-04 13:43:43.777 [error] Canceled: Canceled
	at new a (/home/tatiana/.vscode-server/bin/92da9481c0904c6adfe372c12da3b7748d74bdcb/out/vs/workbench/api/node/extensionHostProcess.js:96:88793)
	at c.O (/home/tatiana/.vscode-server/bin/92da9481c0904c6adfe372c12da3b7748d74bdcb/out/vs/workbench/api/node/extensionHostProcess.js:106:11260)
	at Proxy.V.<computed>.Q.charCodeAt.V.<computed> (/home/tatiana/.vscode-server/bin/92da9481c0904c6adfe372c12da3b7748d74bdcb/out/vs/workbench/api/node/extensionHostProcess.js:106:8550)
	at l.g (/home/tatiana/.vscode-server/bin/92da9481c0904c6adfe372c12da3b7748d74bdcb/out/vs/workbench/api/node/extensionHostProcess.js:96:108198)
	at l.executeCommand (/home/tatiana/.vscode-server/bin/92da9481c0904c6adfe372c12da3b7748d74bdcb/out/vs/workbench/api/node/extensionHostProcess.js:96:107574)
	at O.registerCommand.description (/home/tatiana/.vscode-server/bin/92da9481c0904c6adfe372c12da3b7748d74bdcb/out/vs/workbench/api/node/extensionHostProcess.js:96:106867)
	at l.h (/home/tatiana/.vscode-server/bin/92da9481c0904c6adfe372c12da3b7748d74bdcb/out/vs/workbench/api/node/extensionHostProcess.js:96:108784)
	at l.g (/home/tatiana/.vscode-server/bin/92da9481c0904c6adfe372c12da3b7748d74bdcb/out/vs/workbench/api/node/extensionHostProcess.js:96:107674)
	at l.executeCommand (/home/tatiana/.vscode-server/bin/92da9481c0904c6adfe372c12da3b7748d74bdcb/out/vs/workbench/api/node/extensionHostProcess.js:96:107574)
	at Object.executeCommand (/home/tatiana/.vscode-server/bin/92da9481c0904c6adfe372c12da3b7748d74bdcb/out/vs/workbench/api/node/extensionHostProcess.js:117:30781)
	at D (/home/tatiana/.vscode-server/bin/92da9481c0904c6adfe372c12da3b7748d74bdcb/extensions/git/dist/main.js:2:1467127)
	at f.invoke (/home/tatiana/.vscode-server/bin/92da9481c0904c6adfe372c12da3b7748d74bdcb/out/vs/workbench/api/node/extensionHostProcess.js:63:145)
	at g.deliver (/home/tatiana/.vscode-server/bin/92da9481c0904c6adfe372c12da3b7748d74bdcb/out/vs/workbench/api/node/extensionHostProcess.js:63:2066)
	at h.fire (/home/tatiana/.vscode-server/bin/92da9481c0904c6adfe372c12da3b7748d74bdcb/out/vs/workbench/api/node/extensionHostProcess.js:63:1704)
	at Object.m [as dispose] (/home/tatiana/.vscode-server/bin/92da9481c0904c6adfe372c12da3b7748d74bdcb/extensions/git/dist/main.js:2:1481856)
	at /home/tatiana/.vscode-server/bin/92da9481c0904c6adfe372c12da3b7748d74bdcb/extensions/git/dist/main.js:2:1485923
	at Array.forEach (<anonymous>)
	at g.dispose (/home/tatiana/.vscode-server/bin/92da9481c0904c6adfe372c12da3b7748d74bdcb/extensions/git/dist/main.js:2:1485909)
	at D.<anonymous> (/home/tatiana/.vscode-server/bin/92da9481c0904c6adfe372c12da3b7748d74bdcb/out/vs/workbench/api/node/extensionHostProcess.js:94:12431)
	at D.dispose (/home/tatiana/.vscode-server/bin/92da9481c0904c6adfe372c12da3b7748d74bdcb/out/vs/workbench/api/node/extensionHostProcess.js:94:12566)
	at D.<anonymous> (/home/tatiana/.vscode-server/bin/92da9481c0904c6adfe372c12da3b7748d74bdcb/extensions/git/dist/main.js:2:1469257)
	at D.dispose (/home/tatiana/.vscode-server/bin/92da9481c0904c6adfe372c12da3b7748d74bdcb/out/vs/workbench/api/node/extensionHostProcess.js:94:12566)
	at k (/home/tatiana/.vscode-server/bin/92da9481c0904c6adfe372c12da3b7748d74bdcb/out/vs/workbench/api/node/extensionHostProcess.js:10:12074)
	at f.X (/home/tatiana/.vscode-server/bin/92da9481c0904c6adfe372c12da3b7748d74bdcb/out/vs/workbench/api/node/extensionHostProcess.js:108:11284)
	at /home/tatiana/.vscode-server/bin/92da9481c0904c6adfe372c12da3b7748d74bdcb/out/vs/workbench/api/node/extensionHostProcess.js:108:9088
	at Array.map (<anonymous>)
	at f.Q (/home/tatiana/.vscode-server/bin/92da9481c0904c6adfe372c12da3b7748d74bdcb/out/vs/workbench/api/node/extensionHostProcess.js:108:9075)
	at f.terminate (/home/tatiana/.vscode-server/bin/92da9481c0904c6adfe372c12da3b7748d74bdcb/out/vs/workbench/api/node/extensionHostProcess.js:108:9347)
	at u.terminate (/home/tatiana/.vscode-server/bin/92da9481c0904c6adfe372c12da3b7748d74bdcb/out/vs/workbench/api/node/extensionHostProcess.js:112:1397)
	at p (/home/tatiana/.vscode-server/bin/92da9481c0904c6adfe372c12da3b7748d74bdcb/out/vs/workbench/api/node/extensionHostProcess.js:122:18592)
	at /home/tatiana/.vscode-server/bin/92da9481c0904c6adfe372c12da3b7748d74bdcb/out/vs/workbench/api/node/extensionHostProcess.js:122:16502
	at f.invoke (/home/tatiana/.vscode-server/bin/92da9481c0904c6adfe372c12da3b7748d74bdcb/out/vs/workbench/api/node/extensionHostProcess.js:63:145)
	at g.deliver (/home/tatiana/.vscode-server/bin/92da9481c0904c6adfe372c12da3b7748d74bdcb/out/vs/workbench/api/node/extensionHostProcess.js:63:2066)
	at h.fire (/home/tatiana/.vscode-server/bin/92da9481c0904c6adfe372c12da3b7748d74bdcb/out/vs/workbench/api/node/extensionHostProcess.js:63:1704)
	at p.fire (/home/tatiana/.vscode-server/bin/92da9481c0904c6adfe372c12da3b7748d74bdcb/out/vs/workbench/api/node/extensionHostProcess.js:72:14907)
	at t.E (/home/tatiana/.vscode-server/bin/92da9481c0904c6adfe372c12da3b7748d74bdcb/out/vs/workbench/api/node/extensionHostProcess.js:72:18973)
	at /home/tatiana/.vscode-server/bin/92da9481c0904c6adfe372c12da3b7748d74bdcb/out/vs/workbench/api/node/extensionHostProcess.js:72:16961
	at f.invoke (/home/tatiana/.vscode-server/bin/92da9481c0904c6adfe372c12da3b7748d74bdcb/out/vs/workbench/api/node/extensionHostProcess.js:63:145)
	at g.deliver (/home/tatiana/.vscode-server/bin/92da9481c0904c6adfe372c12da3b7748d74bdcb/out/vs/workbench/api/node/extensionHostProcess.js:63:2066)
	at h.fire (/home/tatiana/.vscode-server/bin/92da9481c0904c6adfe372c12da3b7748d74bdcb/out/vs/workbench/api/node/extensionHostProcess.js:63:1704)
	at u.acceptChunk (/home/tatiana/.vscode-server/bin/92da9481c0904c6adfe372c12da3b7748d74bdcb/out/vs/workbench/api/node/extensionHostProcess.js:72:12638)
	at /home/tatiana/.vscode-server/bin/92da9481c0904c6adfe372c12da3b7748d74bdcb/out/vs/workbench/api/node/extensionHostProcess.js:72:11925
	at f.invoke (/home/tatiana/.vscode-server/bin/92da9481c0904c6adfe372c12da3b7748d74bdcb/out/vs/workbench/api/node/extensionHostProcess.js:63:145)
	at g.deliver (/home/tatiana/.vscode-server/bin/92da9481c0904c6adfe372c12da3b7748d74bdcb/out/vs/workbench/api/node/extensionHostProcess.js:63:2066)
	at h.fire (/home/tatiana/.vscode-server/bin/92da9481c0904c6adfe372c12da3b7748d74bdcb/out/vs/workbench/api/node/extensionHostProcess.js:63:1704)
	at h.u (/home/tatiana/.vscode-server/bin/92da9481c0904c6adfe372c12da3b7748d74bdcb/out/vs/workbench/api/node/extensionHostProcess.js:72:28911)
	at h.acceptFrame (/home/tatiana/.vscode-server/bin/92da9481c0904c6adfe372c12da3b7748d74bdcb/out/vs/workbench/api/node/extensionHostProcess.js:72:28717)
	at f.l (/home/tatiana/.vscode-server/bin/92da9481c0904c6adfe372c12da3b7748d74bdcb/out/vs/workbench/api/node/extensionHostProcess.js:72:27304)
	at /home/tatiana/.vscode-server/bin/92da9481c0904c6adfe372c12da3b7748d74bdcb/out/vs/workbench/api/node/extensionHostProcess.js:72:24627
	at Socket.t (/home/tatiana/.vscode-server/bin/92da9481c0904c6adfe372c12da3b7748d74bdcb/out/vs/workbench/api/node/extensionHostProcess.js:72:22461)
	at Socket.emit (node:events:526:28)
	at addChunk (node:internal/streams/readable:315:12)
	at readableAddChunk (node:internal/streams/readable:289:9)
	at Socket.Readable.push (node:internal/streams/readable:228:10)
	at TCP.onStreamRead (node:internal/stream_base_commons:190:23) setContext undefined
2023-03-04 13:43:43.816 [info] Extension host with pid 93 exiting with code 0
