2023-03-04 12:18:46.134 [info] Nivel de registro: Info
2023-03-04 12:18:46.134 [info] La validación encontró GIT en: “git“
2023-03-04 12:18:46.134 [info] Usando GIT “2.25.1” desde “git”
2023-03-04 12:18:46.134 [info] > git rev-parse --show-toplevel [43ms]
2023-03-04 12:18:46.179 [info] > git rev-parse --git-dir --git-common-dir [46ms]
2023-03-04 12:18:46.229 [info] Open repository: /home/tatiana/proyects
2023-03-04 12:18:46.619 [info] > git config --get commit.template [217ms]
2023-03-04 12:18:46.620 [info] > git rev-parse --show-toplevel [298ms]
2023-03-04 12:18:46.662 [info] No remotes found in the git config file.
2023-03-04 12:18:46.688 [info] > git rev-parse --git-dir --git-common-dir [33ms]
2023-03-04 12:18:46.697 [info] Open repository: /home/tatiana/proyects/git-ejemplo
2023-03-04 12:18:46.765 [info] > git for-each-ref --format=%(refname)%00%(upstream:short)%00%(objectname)%00%(upstream:track)%00%(upstream:remotename)%00%(upstream:remoteref) refs/heads/master refs/remotes/master [80ms]
2023-03-04 12:18:46.809 [info] > git config --get commit.template [46ms]
2023-03-04 12:18:46.862 [info] > git status -z -uall [66ms]
2023-03-04 12:18:46.920 [info] > git for-each-ref --format=%(refname)%00%(upstream:short)%00%(objectname)%00%(upstream:track)%00%(upstream:remotename)%00%(upstream:remoteref) refs/heads/main refs/remotes/main [67ms]
2023-03-04 12:18:46.978 [info] > git config --get commit.template [64ms]
2023-03-04 12:18:47.021 [info] No remotes found in the git config file.
2023-03-04 12:18:47.032 [info] > git status -z -uall [68ms]
2023-03-04 12:18:47.116 [info] > git for-each-ref --format=%(refname)%00%(upstream:short)%00%(objectname)%00%(upstream:track)%00%(upstream:remotename)%00%(upstream:remoteref) refs/heads/master refs/remotes/master [95ms]
2023-03-04 12:18:47.197 [info] > git config --get commit.template [123ms]
2023-03-04 12:18:47.230 [info] > git status -z -uall [70ms]
2023-03-04 12:18:47.483 [info] > git check-ignore -v -z --stdin [42ms]
2023-03-04 12:18:47.485 [info] > git for-each-ref --format=%(refname)%00%(upstream:short)%00%(objectname)%00%(upstream:track)%00%(upstream:remotename)%00%(upstream:remoteref) refs/heads/main refs/remotes/main [258ms]
2023-03-04 12:18:47.525 [info] > git check-ignore -v -z --stdin [111ms]
2023-03-04 12:18:47.550 [info] > git status -z -uall [33ms]
