2023-03-04 12:22:22.877 [info] Nivel de registro: Info
2023-03-04 12:22:22.877 [info] La validación encontró GIT en: “git“
2023-03-04 12:22:22.878 [info] Usando GIT “2.25.1” desde “git”
2023-03-04 12:22:22.878 [info] > git rev-parse --show-toplevel [68ms]
2023-03-04 12:22:22.878 [info] fatal: not a git repository (or any of the parent directories): .git
2023-03-04 12:22:22.880 [info] > git rev-parse --show-toplevel [27ms]
2023-03-04 12:22:22.881 [info] fatal: not a git repository (or any of the parent directories): .git
2023-03-04 12:22:23.056 [info] > git rev-parse --show-toplevel [127ms]
2023-03-04 12:22:23.056 [info] fatal: not a git repository (or any of the parent directories): .git
2023-03-04 12:22:23.089 [info] > git rev-parse --show-toplevel [9ms]
2023-03-04 12:22:23.089 [info] fatal: not a git repository (or any of the parent directories): .git
2023-03-04 12:22:23.123 [info] > git rev-parse --show-toplevel [8ms]
2023-03-04 12:22:23.123 [info] fatal: not a git repository (or any of the parent directories): .git
2023-03-04 12:22:23.178 [info] > git rev-parse --show-toplevel [29ms]
2023-03-04 12:22:23.243 [info] > git rev-parse --git-dir --git-common-dir [37ms]
2023-03-04 12:22:23.277 [info] Open repository: /home/tatiana/Bigote
2023-03-04 12:22:23.429 [info] > git config --get commit.template [17ms]
2023-03-04 12:22:23.431 [info] > git rev-parse --show-toplevel [112ms]
2023-03-04 12:22:23.669 [info] > git rev-parse --git-dir --git-common-dir [203ms]
2023-03-04 12:22:23.675 [info] Open repository: /home/tatiana/proyects
2023-03-04 12:22:23.717 [info] > git for-each-ref --format=%(refname)%00%(upstream:short)%00%(objectname)%00%(upstream:track)%00%(upstream:remotename)%00%(upstream:remoteref) refs/heads/my-branch refs/remotes/my-branch [100ms]
2023-03-04 12:22:23.762 [info] > git config --get commit.template [46ms]
2023-03-04 12:22:23.798 [info] No remotes found in the git config file.
2023-03-04 12:22:23.804 [info] > git status -z -uall [57ms]
2023-03-04 12:22:23.851 [info] > git for-each-ref --format=%(refname)%00%(upstream:short)%00%(objectname)%00%(upstream:track)%00%(upstream:remotename)%00%(upstream:remoteref) refs/heads/master refs/remotes/master [50ms]
2023-03-04 12:22:23.915 [info] > git config --get commit.template [70ms]
2023-03-04 12:22:24.046 [info] > git status -z -uall [162ms]
2023-03-04 12:22:24.135 [info] > git rev-parse --show-toplevel [92ms]
2023-03-04 12:22:24.135 [info] fatal: not a git repository (or any of the parent directories): .git
2023-03-04 12:22:24.136 [info] > git for-each-ref --format=%(refname)%00%(upstream:short)%00%(objectname)%00%(upstream:track)%00%(upstream:remotename)%00%(upstream:remoteref) refs/heads/my-branch refs/remotes/my-branch [167ms]
2023-03-04 12:22:24.183 [info] > git config --get commit.template [67ms]
2023-03-04 12:22:24.214 [info] No remotes found in the git config file.
2023-03-04 12:22:24.216 [info] > git status -z -uall [45ms]
2023-03-04 12:22:24.224 [info] > git for-each-ref --format=%(refname)%00%(upstream:short)%00%(objectname)%00%(upstream:track)%00%(upstream:remotename)%00%(upstream:remoteref) refs/heads/master refs/remotes/master [11ms]
2023-03-04 12:22:24.333 [info] > git status -z -uall [83ms]
2023-03-04 12:22:24.342 [info] > git check-ignore -v -z --stdin [47ms]
2023-03-04 12:22:24.344 [info] > git check-ignore -v -z --stdin [14ms]
2023-03-04 12:22:29.039 [info] > git check-ignore -v -z --stdin [10ms]
