2023-03-09 10:02:25.692 [info] Extension host with pid 112 started
2023-03-09 10:02:25.785 [info] ExtensionService#_doActivateExtension vscode.emmet, startup: false, activationEvent: 'onLanguage'
2023-03-09 10:02:25.787 [info] ExtensionService#_doActivateExtension vscode.css-language-features, startup: false, activationEvent: 'onLanguage:css'
2023-03-09 10:02:25.788 [info] ExtensionService#_doActivateExtension vscode.git-base, startup: true, activationEvent: '*', root cause: vscode.git
2023-03-09 10:02:25.794 [info] Lock '/home/tatiana/.vscode-server/data/User/workspaceStorage/b2d90983c8e7d13d8d3ebebc1782fcd4/vscode.lock': Lock acquired.
2023-03-09 10:02:26.233 [info] ExtensionService#_doActivateExtension vscode.git, startup: true, activationEvent: '*'
2023-03-09 10:02:26.236 [info] ExtensionService#_doActivateExtension vscode.github, startup: true, activationEvent: '*'
2023-03-09 10:02:27.157 [info] Eager extensions activated
2023-03-09 10:02:27.158 [info] ExtensionService#_doActivateExtension vscode.debug-auto-launch, startup: false, activationEvent: 'onStartupFinished'
2023-03-09 10:02:27.161 [info] ExtensionService#_doActivateExtension vscode.merge-conflict, startup: false, activationEvent: 'onStartupFinished'
2023-03-09 10:02:27.162 [info] ExtensionService#_doActivateExtension vscode.npm, startup: false, activationEvent: 'onStartupFinished', root cause: esbenp.prettier-vscode
2023-03-09 10:02:27.163 [info] ExtensionService#_doActivateExtension ritwickdey.LiveServer, startup: false, activationEvent: 'onStartupFinished'
2023-03-09 10:02:30.100 [error] {"message":"Git error","stdout":"","stderr":"fatal: Pathspec '/home/tatiana/Bigote/estilos.css' is in submodule 'Bigote'\n","exitCode":128,"gitErrorCode":"IsInSubmodule"}
2023-03-09 10:02:30.100 [error] {"message":"Git error","stdout":"","stderr":"fatal: Pathspec '/home/tatiana/Bigote/estilos.css' is in submodule 'Bigote'\n","exitCode":128,"gitErrorCode":"IsInSubmodule"}
2023-03-09 10:02:30.100 [error] {"message":"Git error","stdout":"","stderr":"fatal: Pathspec '/home/tatiana/Bigote/estilos.css' is in submodule 'Bigote'\n","exitCode":128,"gitErrorCode":"IsInSubmodule"}
2023-03-09 10:02:30.100 [error] {"message":"Git error","stdout":"","stderr":"fatal: Pathspec '/home/tatiana/Bigote/estilos.css' is in submodule 'Bigote'\n","exitCode":128,"gitErrorCode":"IsInSubmodule"}
2023-03-09 10:02:30.100 [error] {"message":"Git error","stdout":"","stderr":"fatal: Pathspec '/home/tatiana/Bigote/estilos.css' is in submodule 'Bigote'\n","exitCode":128,"gitErrorCode":"IsInSubmodule"}
2023-03-09 10:02:30.100 [error] {"message":"Git error","stdout":"","stderr":"fatal: Pathspec '/home/tatiana/Bigote/estilos.css' is in submodule 'Bigote'\n","exitCode":128,"gitErrorCode":"IsInSubmodule"}
2023-03-09 10:02:30.100 [error] {"message":"Git error","stdout":"","stderr":"fatal: Pathspec '/home/tatiana/Bigote/estilos.css' is in submodule 'Bigote'\n","exitCode":128,"gitErrorCode":"IsInSubmodule"}
2023-03-09 10:02:30.100 [error] {"message":"Git error","stdout":"","stderr":"fatal: Pathspec '/home/tatiana/Bigote/estilos.css' is in submodule 'Bigote'\n","exitCode":128,"gitErrorCode":"IsInSubmodule"}
2023-03-09 10:02:30.100 [error] {"message":"Git error","stdout":"","stderr":"fatal: Pathspec '/home/tatiana/Bigote/estilos.css' is in submodule 'Bigote'\n","exitCode":128,"gitErrorCode":"IsInSubmodule"}
2023-03-09 10:02:30.100 [error] {"message":"Git error","stdout":"","stderr":"fatal: Pathspec '/home/tatiana/Bigote/estilos.css' is in submodule 'Bigote'\n","exitCode":128,"gitErrorCode":"IsInSubmodule"}
2023-03-09 10:02:30.100 [error] {"message":"Git error","stdout":"","stderr":"fatal: Pathspec '/home/tatiana/Bigote/estilos.css' is in submodule 'Bigote'\n","exitCode":128,"gitErrorCode":"IsInSubmodule"}
2023-03-09 10:02:30.101 [error] {"message":"Git error","stdout":"","stderr":"fatal: Pathspec '/home/tatiana/Bigote/estilos.css' is in submodule 'Bigote'\n","exitCode":128,"gitErrorCode":"IsInSubmodule"}
2023-03-09 10:02:30.101 [error] {"message":"Git error","stdout":"","stderr":"fatal: Pathspec '/home/tatiana/Bigote/estilos.css' is in submodule 'Bigote'\n","exitCode":128,"gitErrorCode":"IsInSubmodule"}
2023-03-09 10:02:30.101 [error] {"message":"Git error","stdout":"","stderr":"fatal: Pathspec '/home/tatiana/Bigote/estilos.css' is in submodule 'Bigote'\n","exitCode":128,"gitErrorCode":"IsInSubmodule"}
2023-03-09 10:02:30.101 [error] {"message":"Git error","stdout":"","stderr":"fatal: Pathspec '/home/tatiana/Bigote/estilos.css' is in submodule 'Bigote'\n","exitCode":128,"gitErrorCode":"IsInSubmodule"}
2023-03-09 10:02:30.101 [error] {"message":"Git error","stdout":"","stderr":"fatal: Pathspec '/home/tatiana/Bigote/estilos.css' is in submodule 'Bigote'\n","exitCode":128,"gitErrorCode":"IsInSubmodule"}
2023-03-09 10:02:30.101 [error] {"message":"Git error","stdout":"","stderr":"fatal: Pathspec '/home/tatiana/Bigote/estilos.css' is in submodule 'Bigote'\n","exitCode":128,"gitErrorCode":"IsInSubmodule"}
2023-03-09 10:02:30.101 [error] {"message":"Git error","stdout":"","stderr":"fatal: Pathspec '/home/tatiana/Bigote/estilos.css' is in submodule 'Bigote'\n","exitCode":128,"gitErrorCode":"IsInSubmodule"}
2023-03-09 10:02:30.101 [error] {"message":"Git error","stdout":"","stderr":"fatal: Pathspec '/home/tatiana/Bigote/estilos.css' is in submodule 'Bigote'\n","exitCode":128,"gitErrorCode":"IsInSubmodule"}
2023-03-09 10:02:30.101 [error] {"message":"Git error","stdout":"","stderr":"fatal: Pathspec '/home/tatiana/Bigote/estilos.css' is in submodule 'Bigote'\n","exitCode":128,"gitErrorCode":"IsInSubmodule"}
2023-03-09 10:02:30.102 [error] {"message":"Git error","stdout":"","stderr":"fatal: Pathspec '/home/tatiana/Bigote/estilos.css' is in submodule 'Bigote'\n","exitCode":128,"gitErrorCode":"IsInSubmodule"}
2023-03-09 10:02:30.102 [error] {"message":"Git error","stdout":"","stderr":"fatal: Pathspec '/home/tatiana/Bigote/estilos.css' is in submodule 'Bigote'\n","exitCode":128,"gitErrorCode":"IsInSubmodule"}
2023-03-09 10:02:30.102 [error] {"message":"Git error","stdout":"","stderr":"fatal: Pathspec '/home/tatiana/Bigote/estilos.css' is in submodule 'Bigote'\n","exitCode":128,"gitErrorCode":"IsInSubmodule"}
2023-03-09 10:02:30.102 [error] {"message":"Git error","stdout":"","stderr":"fatal: Pathspec '/home/tatiana/Bigote/estilos.css' is in submodule 'Bigote'\n","exitCode":128,"gitErrorCode":"IsInSubmodule"}
2023-03-09 10:02:30.102 [error] {"message":"Git error","stdout":"","stderr":"fatal: Pathspec '/home/tatiana/Bigote/estilos.css' is in submodule 'Bigote'\n","exitCode":128,"gitErrorCode":"IsInSubmodule"}
2023-03-09 10:02:30.102 [error] {"message":"Git error","stdout":"","stderr":"fatal: Pathspec '/home/tatiana/Bigote/estilos.css' is in submodule 'Bigote'\n","exitCode":128,"gitErrorCode":"IsInSubmodule"}
2023-03-09 10:02:30.102 [error] {"message":"Git error","stdout":"","stderr":"fatal: Pathspec '/home/tatiana/Bigote/estilos.css' is in submodule 'Bigote'\n","exitCode":128,"gitErrorCode":"IsInSubmodule"}
2023-03-09 10:02:30.102 [error] {"message":"Git error","stdout":"","stderr":"fatal: Pathspec '/home/tatiana/Bigote/estilos.css' is in submodule 'Bigote'\n","exitCode":128,"gitErrorCode":"IsInSubmodule"}
2023-03-09 10:02:30.102 [error] {"message":"Git error","stdout":"","stderr":"fatal: Pathspec '/home/tatiana/Bigote/estilos.css' is in submodule 'Bigote'\n","exitCode":128,"gitErrorCode":"IsInSubmodule"}
2023-03-09 10:02:30.102 [error] {"message":"Git error","stdout":"","stderr":"fatal: Pathspec '/home/tatiana/Bigote/estilos.css' is in submodule 'Bigote'\n","exitCode":128,"gitErrorCode":"IsInSubmodule"}
2023-03-09 10:02:30.102 [error] {"message":"Git error","stdout":"","stderr":"fatal: Pathspec '/home/tatiana/Bigote/estilos.css' is in submodule 'Bigote'\n","exitCode":128,"gitErrorCode":"IsInSubmodule"}
2023-03-09 10:02:30.102 [error] {"message":"Git error","stdout":"","stderr":"fatal: Pathspec '/home/tatiana/Bigote/estilos.css' is in submodule 'Bigote'\n","exitCode":128,"gitErrorCode":"IsInSubmodule"}
2023-03-09 10:02:30.103 [error] {"message":"Git error","stdout":"","stderr":"fatal: Pathspec '/home/tatiana/Bigote/estilos.css' is in submodule 'Bigote'\n","exitCode":128,"gitErrorCode":"IsInSubmodule"}
2023-03-09 10:02:30.103 [error] {"message":"Git error","stdout":"","stderr":"fatal: Pathspec '/home/tatiana/Bigote/estilos.css' is in submodule 'Bigote'\n","exitCode":128,"gitErrorCode":"IsInSubmodule"}
2023-03-09 10:02:30.103 [error] {"message":"Git error","stdout":"","stderr":"fatal: Pathspec '/home/tatiana/Bigote/estilos.css' is in submodule 'Bigote'\n","exitCode":128,"gitErrorCode":"IsInSubmodule"}
2023-03-09 10:02:30.103 [error] {"message":"Git error","stdout":"","stderr":"fatal: Pathspec '/home/tatiana/Bigote/estilos.css' is in submodule 'Bigote'\n","exitCode":128,"gitErrorCode":"IsInSubmodule"}
2023-03-09 10:02:30.103 [error] {"message":"Git error","stdout":"","stderr":"fatal: Pathspec '/home/tatiana/Bigote/estilos.css' is in submodule 'Bigote'\n","exitCode":128,"gitErrorCode":"IsInSubmodule"}
2023-03-09 10:02:30.103 [error] {"message":"Git error","stdout":"","stderr":"fatal: Pathspec '/home/tatiana/Bigote/estilos.css' is in submodule 'Bigote'\n","exitCode":128,"gitErrorCode":"IsInSubmodule"}
2023-03-09 10:02:30.103 [error] {"message":"Git error","stdout":"","stderr":"fatal: Pathspec '/home/tatiana/Bigote/estilos.css' is in submodule 'Bigote'\n","exitCode":128,"gitErrorCode":"IsInSubmodule"}
2023-03-09 10:02:30.103 [error] {"message":"Git error","stdout":"","stderr":"fatal: Pathspec '/home/tatiana/Bigote/estilos.css' is in submodule 'Bigote'\n","exitCode":128,"gitErrorCode":"IsInSubmodule"}
2023-03-09 10:02:31.149 [error] {"message":"Git error","stdout":"","stderr":"fatal: Pathspec '/home/tatiana/Bigote/estilos.css' is in submodule 'Bigote'\n","exitCode":128,"gitErrorCode":"IsInSubmodule"}
2023-03-09 10:02:31.150 [error] {"message":"Git error","stdout":"","stderr":"fatal: Pathspec '/home/tatiana/Bigote/estilos.css' is in submodule 'Bigote'\n","exitCode":128,"gitErrorCode":"IsInSubmodule"}
2023-03-09 10:02:31.151 [error] {"message":"Git error","stdout":"","stderr":"fatal: Pathspec '/home/tatiana/Bigote/estilos.css' is in submodule 'Bigote'\n","exitCode":128,"gitErrorCode":"IsInSubmodule"}
2023-03-09 10:02:31.151 [error] {"message":"Git error","stdout":"","stderr":"fatal: Pathspec '/home/tatiana/Bigote/estilos.css' is in submodule 'Bigote'\n","exitCode":128,"gitErrorCode":"IsInSubmodule"}
2023-03-09 10:02:31.152 [error] {"message":"Git error","stdout":"","stderr":"fatal: Pathspec '/home/tatiana/Bigote/estilos.css' is in submodule 'Bigote'\n","exitCode":128,"gitErrorCode":"IsInSubmodule"}
2023-03-09 10:02:31.152 [error] {"message":"Git error","stdout":"","stderr":"fatal: Pathspec '/home/tatiana/Bigote/estilos.css' is in submodule 'Bigote'\n","exitCode":128,"gitErrorCode":"IsInSubmodule"}
2023-03-09 10:02:31.153 [error] {"message":"Git error","stdout":"","stderr":"fatal: Pathspec '/home/tatiana/Bigote/estilos.css' is in submodule 'Bigote'\n","exitCode":128,"gitErrorCode":"IsInSubmodule"}
2023-03-09 10:02:31.153 [error] {"message":"Git error","stdout":"","stderr":"fatal: Pathspec '/home/tatiana/Bigote/estilos.css' is in submodule 'Bigote'\n","exitCode":128,"gitErrorCode":"IsInSubmodule"}
2023-03-09 10:02:31.155 [error] {"message":"Git error","stdout":"","stderr":"fatal: Pathspec '/home/tatiana/Bigote/estilos.css' is in submodule 'Bigote'\n","exitCode":128,"gitErrorCode":"IsInSubmodule"}
2023-03-09 10:02:31.155 [error] {"message":"Git error","stdout":"","stderr":"fatal: Pathspec '/home/tatiana/Bigote/estilos.css' is in submodule 'Bigote'\n","exitCode":128,"gitErrorCode":"IsInSubmodule"}
2023-03-09 10:02:31.156 [error] {"message":"Git error","stdout":"","stderr":"fatal: Pathspec '/home/tatiana/Bigote/estilos.css' is in submodule 'Bigote'\n","exitCode":128,"gitErrorCode":"IsInSubmodule"}
2023-03-09 10:02:31.156 [error] {"message":"Git error","stdout":"","stderr":"fatal: Pathspec '/home/tatiana/Bigote/estilos.css' is in submodule 'Bigote'\n","exitCode":128,"gitErrorCode":"IsInSubmodule"}
2023-03-09 10:02:31.157 [error] {"message":"Git error","stdout":"","stderr":"fatal: Pathspec '/home/tatiana/Bigote/estilos.css' is in submodule 'Bigote'\n","exitCode":128,"gitErrorCode":"IsInSubmodule"}
2023-03-09 10:02:31.157 [error] {"message":"Git error","stdout":"","stderr":"fatal: Pathspec '/home/tatiana/Bigote/estilos.css' is in submodule 'Bigote'\n","exitCode":128,"gitErrorCode":"IsInSubmodule"}
2023-03-09 10:02:31.158 [error] {"message":"Git error","stdout":"","stderr":"fatal: Pathspec '/home/tatiana/Bigote/estilos.css' is in submodule 'Bigote'\n","exitCode":128,"gitErrorCode":"IsInSubmodule"}
2023-03-09 10:02:31.158 [error] {"message":"Git error","stdout":"","stderr":"fatal: Pathspec '/home/tatiana/Bigote/estilos.css' is in submodule 'Bigote'\n","exitCode":128,"gitErrorCode":"IsInSubmodule"}
2023-03-09 10:02:31.159 [error] {"message":"Git error","stdout":"","stderr":"fatal: Pathspec '/home/tatiana/Bigote/estilos.css' is in submodule 'Bigote'\n","exitCode":128,"gitErrorCode":"IsInSubmodule"}
2023-03-09 10:02:31.159 [error] {"message":"Git error","stdout":"","stderr":"fatal: Pathspec '/home/tatiana/Bigote/estilos.css' is in submodule 'Bigote'\n","exitCode":128,"gitErrorCode":"IsInSubmodule"}
2023-03-09 10:02:31.160 [error] {"message":"Git error","stdout":"","stderr":"fatal: Pathspec '/home/tatiana/Bigote/estilos.css' is in submodule 'Bigote'\n","exitCode":128,"gitErrorCode":"IsInSubmodule"}
2023-03-09 10:02:31.160 [error] {"message":"Git error","stdout":"","stderr":"fatal: Pathspec '/home/tatiana/Bigote/estilos.css' is in submodule 'Bigote'\n","exitCode":128,"gitErrorCode":"IsInSubmodule"}
2023-03-09 10:02:31.161 [error] {"message":"Git error","stdout":"","stderr":"fatal: Pathspec '/home/tatiana/Bigote/estilos.css' is in submodule 'Bigote'\n","exitCode":128,"gitErrorCode":"IsInSubmodule"}
2023-03-09 10:02:31.161 [error] {"message":"Git error","stdout":"","stderr":"fatal: Pathspec '/home/tatiana/Bigote/estilos.css' is in submodule 'Bigote'\n","exitCode":128,"gitErrorCode":"IsInSubmodule"}
2023-03-09 10:02:31.703 [warning] [Decorations] CAPPING events from decorations provider vscode.git 7039
2023-03-09 10:02:33.094 [info] ExtensionService#_doActivateExtension esbenp.prettier-vscode, startup: false, activationEvent: 'onStartupFinished'
2023-03-09 10:02:33.960 [error] {"message":"Git error","stdout":"","stderr":"fatal: Pathspec '/home/tatiana/proyects/git-ejemplo/MI primer bigote/estilo.css' is in submodule 'git-ejemplo'\n","exitCode":128,"gitErrorCode":"IsInSubmodule"}
2023-03-09 10:02:33.961 [error] {"message":"Git error","stdout":"","stderr":"fatal: Pathspec '/home/tatiana/proyects/git-ejemplo/MI primer bigote/estilo.css' is in submodule 'git-ejemplo'\n","exitCode":128,"gitErrorCode":"IsInSubmodule"}
2023-03-09 10:02:35.038 [warning] [Decorations] CAPPING events from decorations provider vscode.git 7041
2023-03-09 10:02:35.081 [error] {"message":"Git error","stdout":"","stderr":"fatal: Pathspec '/home/tatiana/proyects/git-ejemplo/MI primer bigote/estilo.css' is in submodule 'git-ejemplo'\n","exitCode":128,"gitErrorCode":"IsInSubmodule"}
2023-03-09 10:02:35.082 [error] {"message":"Git error","stdout":"","stderr":"fatal: Pathspec '/home/tatiana/proyects/git-ejemplo/MI primer bigote/estilo.css' is in submodule 'git-ejemplo'\n","exitCode":128,"gitErrorCode":"IsInSubmodule"}
2023-03-09 10:14:02.013 [warning] [Decorations] CAPPING events from decorations provider vscode.git 7041
2023-03-09 10:14:07.684 [warning] [Decorations] CAPPING events from decorations provider vscode.git 7040
2023-03-09 10:14:13.265 [warning] [Decorations] CAPPING events from decorations provider vscode.git 7040
2023-03-09 10:14:19.042 [warning] [Decorations] CAPPING events from decorations provider vscode.git 7040
2023-03-09 10:14:24.754 [warning] [Decorations] CAPPING events from decorations provider vscode.git 7040
2023-03-09 10:14:30.438 [warning] [Decorations] CAPPING events from decorations provider vscode.git 7040
2023-03-09 10:14:36.168 [warning] [Decorations] CAPPING events from decorations provider vscode.git 7040
2023-03-09 10:27:38.254 [warning] [Decorations] CAPPING events from decorations provider vscode.git 7040
2023-03-09 10:27:43.874 [warning] [Decorations] CAPPING events from decorations provider vscode.git 7040
2023-03-09 10:27:48.852 [info] ExtensionService#_doActivateExtension vscode.html-language-features, startup: false, activationEvent: 'onLanguage:html'
2023-03-09 10:27:51.337 [warning] [Decorations] CAPPING events from decorations provider vscode.git 7041
2023-03-09 10:27:57.062 [warning] [Decorations] CAPPING events from decorations provider vscode.git 7041
2023-03-09 10:28:03.137 [warning] [Decorations] CAPPING events from decorations provider vscode.git 7041
2023-03-09 10:28:08.849 [warning] [Decorations] CAPPING events from decorations provider vscode.git 7041
2023-03-09 10:28:15.497 [warning] [Decorations] CAPPING events from decorations provider vscode.git 7041
2023-03-09 10:28:26.045 [warning] [Decorations] CAPPING events from decorations provider vscode.git 7041
2023-03-09 10:28:31.678 [warning] [Decorations] CAPPING events from decorations provider vscode.git 7041
2023-03-09 10:28:37.275 [warning] [Decorations] CAPPING events from decorations provider vscode.git 7041
2023-03-09 10:28:42.939 [warning] [Decorations] CAPPING events from decorations provider vscode.git 7041
2023-03-09 10:28:48.525 [warning] [Decorations] CAPPING events from decorations provider vscode.git 7041
2023-03-09 10:28:56.047 [warning] [Decorations] CAPPING events from decorations provider vscode.git 7041
2023-03-09 10:29:01.635 [warning] [Decorations] CAPPING events from decorations provider vscode.git 7041
2023-03-09 10:29:08.202 [warning] [Decorations] CAPPING events from decorations provider vscode.git 7041
2023-03-09 10:29:13.791 [warning] [Decorations] CAPPING events from decorations provider vscode.git 7041
2023-03-09 10:29:19.393 [warning] [Decorations] CAPPING events from decorations provider vscode.git 7041
2023-03-09 10:29:24.974 [warning] [Decorations] CAPPING events from decorations provider vscode.git 7041
2023-03-09 10:29:30.556 [warning] [Decorations] CAPPING events from decorations provider vscode.git 7041
2023-03-09 10:29:36.147 [warning] [Decorations] CAPPING events from decorations provider vscode.git 7041
2023-03-09 10:29:42.739 [warning] [Decorations] CAPPING events from decorations provider vscode.git 7041
2023-03-09 10:29:48.335 [warning] [Decorations] CAPPING events from decorations provider vscode.git 7041
2023-03-09 10:29:53.934 [warning] [Decorations] CAPPING events from decorations provider vscode.git 7041
2023-03-09 10:29:59.530 [warning] [Decorations] CAPPING events from decorations provider vscode.git 7041
2023-03-09 10:30:05.128 [warning] [Decorations] CAPPING events from decorations provider vscode.git 7041
2023-03-09 10:30:10.717 [warning] [Decorations] CAPPING events from decorations provider vscode.git 7041
2023-03-09 10:30:19.378 [warning] [Decorations] CAPPING events from decorations provider vscode.git 7041
2023-03-09 10:30:25.959 [warning] [Decorations] CAPPING events from decorations provider vscode.git 7041
2023-03-09 10:30:35.555 [warning] [Decorations] CAPPING events from decorations provider vscode.git 7041
2023-03-09 10:30:42.215 [warning] [Decorations] CAPPING events from decorations provider vscode.git 7041
2023-03-09 10:30:47.826 [warning] [Decorations] CAPPING events from decorations provider vscode.git 7041
2023-03-09 10:30:53.409 [warning] [Decorations] CAPPING events from decorations provider vscode.git 7041
2023-03-09 10:30:58.999 [warning] [Decorations] CAPPING events from decorations provider vscode.git 7041
2023-03-09 10:31:04.580 [warning] [Decorations] CAPPING events from decorations provider vscode.git 7041
2023-03-09 10:31:10.180 [warning] [Decorations] CAPPING events from decorations provider vscode.git 7041
2023-03-09 10:31:15.835 [warning] [Decorations] CAPPING events from decorations provider vscode.git 7041
2023-03-09 10:31:31.659 [warning] [Decorations] CAPPING events from decorations provider vscode.git 7041
2023-03-09 10:31:37.211 [warning] [Decorations] CAPPING events from decorations provider vscode.git 7041
2023-03-09 10:31:42.806 [warning] [Decorations] CAPPING events from decorations provider vscode.git 7041
2023-03-09 10:32:05.066 [warning] [Decorations] CAPPING events from decorations provider vscode.git 7041
2023-03-09 10:32:21.435 [warning] [Decorations] CAPPING events from decorations provider vscode.git 7041
2023-03-09 10:32:27.074 [warning] [Decorations] CAPPING events from decorations provider vscode.git 7041
2023-03-09 10:32:32.636 [warning] [Decorations] CAPPING events from decorations provider vscode.git 7041
2023-03-09 10:32:38.257 [warning] [Decorations] CAPPING events from decorations provider vscode.git 7041
2023-03-09 10:32:43.871 [warning] [Decorations] CAPPING events from decorations provider vscode.git 7041
2023-03-09 10:32:49.518 [warning] [Decorations] CAPPING events from decorations provider vscode.git 7041
2023-03-09 10:32:55.107 [warning] [Decorations] CAPPING events from decorations provider vscode.git 7041
2023-03-09 10:33:00.700 [warning] [Decorations] CAPPING events from decorations provider vscode.git 7041
2023-03-09 10:33:06.329 [warning] [Decorations] CAPPING events from decorations provider vscode.git 7041
2023-03-09 10:33:12.005 [warning] [Decorations] CAPPING events from decorations provider vscode.git 7041
2023-03-09 10:33:17.689 [warning] [Decorations] CAPPING events from decorations provider vscode.git 7041
2023-03-09 10:33:23.399 [warning] [Decorations] CAPPING events from decorations provider vscode.git 7041
2023-03-09 10:33:28.979 [warning] [Decorations] CAPPING events from decorations provider vscode.git 7041
2023-03-09 10:33:34.601 [warning] [Decorations] CAPPING events from decorations provider vscode.git 7041
2023-03-09 10:33:40.238 [warning] [Decorations] CAPPING events from decorations provider vscode.git 7041
2023-03-09 10:33:45.979 [warning] [Decorations] CAPPING events from decorations provider vscode.git 7041
2023-03-09 10:33:48.484 [info] ExtensionService#_doActivateExtension vscode.extension-editing, startup: false, activationEvent: 'onLanguage:markdown'
2023-03-09 10:33:48.485 [info] ExtensionService#_doActivateExtension vscode.markdown-language-features, startup: false, activationEvent: 'onLanguage:markdown'
2023-03-09 10:33:50.965 [info] ExtensionService#_doActivateExtension vscode.markdown-math, startup: false, activationEvent: 'api', root cause: vscode.markdown-language-features
2023-03-09 10:33:51.904 [warning] [Decorations] CAPPING events from decorations provider vscode.git 7042
2023-03-09 10:33:57.792 [warning] [Decorations] CAPPING events from decorations provider vscode.git 7042
2023-03-09 10:34:03.509 [warning] [Decorations] CAPPING events from decorations provider vscode.git 7042
2023-03-09 10:34:09.381 [warning] [Decorations] CAPPING events from decorations provider vscode.git 7042
2023-03-09 10:34:15.008 [warning] [Decorations] CAPPING events from decorations provider vscode.git 7042
2023-03-09 10:34:20.649 [warning] [Decorations] CAPPING events from decorations provider vscode.git 7042
2023-03-09 10:34:26.568 [warning] [Decorations] CAPPING events from decorations provider vscode.git 7043
2023-03-09 10:34:32.514 [warning] [Decorations] CAPPING events from decorations provider vscode.git 7043
2023-03-09 10:34:38.192 [warning] [Decorations] CAPPING events from decorations provider vscode.git 7043
2023-03-09 10:34:43.847 [warning] [Decorations] CAPPING events from decorations provider vscode.git 7043
2023-03-09 10:34:49.656 [warning] [Decorations] CAPPING events from decorations provider vscode.git 7043
2023-03-09 10:34:55.266 [warning] [Decorations] CAPPING events from decorations provider vscode.git 7043
2023-03-09 10:35:00.861 [warning] [Decorations] CAPPING events from decorations provider vscode.git 7043
2023-03-09 10:35:06.501 [warning] [Decorations] CAPPING events from decorations provider vscode.git 7043
2023-03-09 10:35:17.172 [warning] [Decorations] CAPPING events from decorations provider vscode.git 7043
2023-03-09 10:35:36.103 [warning] [Decorations] CAPPING events from decorations provider vscode.git 7043
2023-03-09 10:35:41.696 [warning] [Decorations] CAPPING events from decorations provider vscode.git 7043
2023-03-09 10:35:47.293 [warning] [Decorations] CAPPING events from decorations provider vscode.git 7043
2023-03-09 10:35:53.917 [warning] [Decorations] CAPPING events from decorations provider vscode.git 7043
2023-03-09 10:36:02.550 [warning] [Decorations] CAPPING events from decorations provider vscode.git 7043
2023-03-09 10:36:08.272 [warning] [Decorations] CAPPING events from decorations provider vscode.git 7043
2023-03-09 10:36:13.871 [warning] [Decorations] CAPPING events from decorations provider vscode.git 7043
2023-03-09 10:36:19.597 [warning] [Decorations] CAPPING events from decorations provider vscode.git 7043
2023-03-09 10:36:25.325 [warning] [Decorations] CAPPING events from decorations provider vscode.git 7043
2023-03-09 10:36:31.083 [warning] [Decorations] CAPPING events from decorations provider vscode.git 7043
2023-03-09 10:36:36.746 [warning] [Decorations] CAPPING events from decorations provider vscode.git 7043
2023-03-09 10:36:42.476 [warning] [Decorations] CAPPING events from decorations provider vscode.git 7043
2023-03-09 10:36:48.230 [warning] [Decorations] CAPPING events from decorations provider vscode.git 7043
2023-03-09 10:36:53.877 [warning] [Decorations] CAPPING events from decorations provider vscode.git 7043
2023-03-09 10:36:59.582 [warning] [Decorations] CAPPING events from decorations provider vscode.git 7043
2023-03-09 10:37:05.206 [warning] [Decorations] CAPPING events from decorations provider vscode.git 7043
2023-03-09 10:37:10.901 [warning] [Decorations] CAPPING events from decorations provider vscode.git 7043
2023-03-09 10:37:16.650 [warning] [Decorations] CAPPING events from decorations provider vscode.git 7043
2023-03-09 10:37:22.337 [warning] [Decorations] CAPPING events from decorations provider vscode.git 7043
2023-03-09 10:37:29.048 [warning] [Decorations] CAPPING events from decorations provider vscode.git 7043
2023-03-09 10:37:34.719 [warning] [Decorations] CAPPING events from decorations provider vscode.git 7043
2023-03-09 10:37:44.460 [warning] [Decorations] CAPPING events from decorations provider vscode.git 7043
2023-03-09 10:37:50.083 [warning] [Decorations] CAPPING events from decorations provider vscode.git 7043
2023-03-09 10:37:55.818 [warning] [Decorations] CAPPING events from decorations provider vscode.git 7043
2023-03-09 10:38:01.510 [warning] [Decorations] CAPPING events from decorations provider vscode.git 7043
2023-03-09 10:38:07.195 [warning] [Decorations] CAPPING events from decorations provider vscode.git 7043
2023-03-09 10:38:12.846 [warning] [Decorations] CAPPING events from decorations provider vscode.git 7043
2023-03-09 10:38:18.519 [warning] [Decorations] CAPPING events from decorations provider vscode.git 7043
2023-03-09 10:38:25.223 [warning] [Decorations] CAPPING events from decorations provider vscode.git 7043
2023-03-09 10:38:32.847 [warning] [Decorations] CAPPING events from decorations provider vscode.git 7043
2023-03-09 10:38:38.581 [warning] [Decorations] CAPPING events from decorations provider vscode.git 7043
2023-03-09 10:38:44.325 [warning] [Decorations] CAPPING events from decorations provider vscode.git 7043
2023-03-09 10:38:50.034 [warning] [Decorations] CAPPING events from decorations provider vscode.git 7043
2023-03-09 10:38:55.637 [warning] [Decorations] CAPPING events from decorations provider vscode.git 7043
2023-03-09 10:39:01.348 [warning] [Decorations] CAPPING events from decorations provider vscode.git 7043
2023-03-09 10:39:07.121 [warning] [Decorations] CAPPING events from decorations provider vscode.git 7043
2023-03-09 10:39:12.816 [warning] [Decorations] CAPPING events from decorations provider vscode.git 7043
2023-03-09 10:39:21.806 [warning] [Decorations] CAPPING events from decorations provider vscode.git 7043
2023-03-09 10:39:29.655 [warning] [Decorations] CAPPING events from decorations provider vscode.git 7043
2023-03-09 10:39:35.331 [warning] [Decorations] CAPPING events from decorations provider vscode.git 7043
2023-03-09 10:39:41.038 [warning] [Decorations] CAPPING events from decorations provider vscode.git 7043
2023-03-09 10:39:49.730 [warning] [Decorations] CAPPING events from decorations provider vscode.git 7043
2023-03-09 10:39:55.578 [warning] [Decorations] CAPPING events from decorations provider vscode.git 7043
2023-03-09 10:40:02.285 [warning] [Decorations] CAPPING events from decorations provider vscode.git 7043
2023-03-09 10:40:07.926 [warning] [Decorations] CAPPING events from decorations provider vscode.git 7043
2023-03-09 10:40:13.578 [warning] [Decorations] CAPPING events from decorations provider vscode.git 7043
2023-03-09 10:40:19.275 [warning] [Decorations] CAPPING events from decorations provider vscode.git 7043
2023-03-09 10:40:24.929 [warning] [Decorations] CAPPING events from decorations provider vscode.git 7043
2023-03-09 10:40:30.614 [warning] [Decorations] CAPPING events from decorations provider vscode.git 7043
2023-03-09 10:40:36.455 [warning] [Decorations] CAPPING events from decorations provider vscode.git 7043
2023-03-09 10:40:50.887 [warning] [Decorations] CAPPING events from decorations provider vscode.git 7043
2023-03-09 10:40:56.815 [warning] [Decorations] CAPPING events from decorations provider vscode.git 7043
2023-03-09 10:41:02.559 [warning] [Decorations] CAPPING events from decorations provider vscode.git 7043
2023-03-09 10:41:08.252 [warning] [Decorations] CAPPING events from decorations provider vscode.git 7043
2023-03-09 10:41:14.051 [warning] [Decorations] CAPPING events from decorations provider vscode.git 7043
2023-03-09 10:41:19.728 [warning] [Decorations] CAPPING events from decorations provider vscode.git 7043
2023-03-09 10:41:25.379 [warning] [Decorations] CAPPING events from decorations provider vscode.git 7043
2023-03-09 10:41:30.993 [warning] [Decorations] CAPPING events from decorations provider vscode.git 7043
2023-03-09 10:41:36.577 [warning] [Decorations] CAPPING events from decorations provider vscode.git 7043
2023-03-09 10:41:42.803 [warning] [Decorations] CAPPING events from decorations provider vscode.git 7043
2023-03-09 10:41:54.891 [warning] [Decorations] CAPPING events from decorations provider vscode.git 7043
2023-03-09 10:42:00.841 [warning] [Decorations] CAPPING events from decorations provider vscode.git 7043
2023-03-09 10:43:48.649 [warning] [Decorations] CAPPING events from decorations provider vscode.git 7043
2023-03-09 10:43:54.399 [warning] [Decorations] CAPPING events from decorations provider vscode.git 7043
2023-03-09 10:44:00.008 [warning] [Decorations] CAPPING events from decorations provider vscode.git 7043
2023-03-09 10:44:05.830 [warning] [Decorations] CAPPING events from decorations provider vscode.git 7043
2023-03-09 10:44:11.475 [warning] [Decorations] CAPPING events from decorations provider vscode.git 7043
2023-03-09 10:44:17.080 [warning] [Decorations] CAPPING events from decorations provider vscode.git 7043
2023-03-09 10:44:22.705 [warning] [Decorations] CAPPING events from decorations provider vscode.git 7043
2023-03-09 10:44:28.371 [warning] [Decorations] CAPPING events from decorations provider vscode.git 7043
2023-03-09 10:44:33.987 [warning] [Decorations] CAPPING events from decorations provider vscode.git 7043
2023-03-09 10:44:39.595 [warning] [Decorations] CAPPING events from decorations provider vscode.git 7043
2023-03-09 10:44:45.252 [warning] [Decorations] CAPPING events from decorations provider vscode.git 7043
2023-03-09 10:45:09.732 [warning] [Decorations] CAPPING events from decorations provider vscode.git 7043
2023-03-09 10:45:15.515 [warning] [Decorations] CAPPING events from decorations provider vscode.git 7043
2023-03-09 10:45:21.128 [warning] [Decorations] CAPPING events from decorations provider vscode.git 7043
2023-03-09 10:45:26.721 [warning] [Decorations] CAPPING events from decorations provider vscode.git 7043
2023-03-09 10:45:32.382 [warning] [Decorations] CAPPING events from decorations provider vscode.git 7043
2023-03-09 10:45:38.017 [warning] [Decorations] CAPPING events from decorations provider vscode.git 7043
2023-03-09 10:45:43.622 [warning] [Decorations] CAPPING events from decorations provider vscode.git 7043
2023-03-09 10:45:49.287 [warning] [Decorations] CAPPING events from decorations provider vscode.git 7043
2023-03-09 10:45:54.899 [warning] [Decorations] CAPPING events from decorations provider vscode.git 7043
2023-03-09 10:46:00.514 [warning] [Decorations] CAPPING events from decorations provider vscode.git 7043
2023-03-09 10:46:11.250 [warning] [Decorations] CAPPING events from decorations provider vscode.git 7043
2023-03-09 10:46:16.866 [warning] [Decorations] CAPPING events from decorations provider vscode.git 7043
2023-03-09 10:46:22.488 [warning] [Decorations] CAPPING events from decorations provider vscode.git 7043
2023-03-09 10:46:28.094 [warning] [Decorations] CAPPING events from decorations provider vscode.git 7043
2023-03-09 10:46:33.758 [warning] [Decorations] CAPPING events from decorations provider vscode.git 7043
2023-03-09 10:46:39.431 [warning] [Decorations] CAPPING events from decorations provider vscode.git 7043
2023-03-09 10:46:45.175 [warning] [Decorations] CAPPING events from decorations provider vscode.git 7043
2023-03-09 10:46:50.859 [warning] [Decorations] CAPPING events from decorations provider vscode.git 7043
2023-03-09 10:47:08.059 [warning] [Decorations] CAPPING events from decorations provider vscode.git 7043
2023-03-09 10:47:13.693 [warning] [Decorations] CAPPING events from decorations provider vscode.git 7043
2023-03-09 10:47:19.531 [warning] [Decorations] CAPPING events from decorations provider vscode.git 7043
2023-03-09 10:47:25.210 [warning] [Decorations] CAPPING events from decorations provider vscode.git 7043
2023-03-09 10:47:30.850 [warning] [Decorations] CAPPING events from decorations provider vscode.git 7043
2023-03-09 10:47:36.504 [warning] [Decorations] CAPPING events from decorations provider vscode.git 7043
2023-03-09 10:47:42.248 [warning] [Decorations] CAPPING events from decorations provider vscode.git 7043
2023-03-09 10:47:47.943 [warning] [Decorations] CAPPING events from decorations provider vscode.git 7043
2023-03-09 10:47:53.591 [warning] [Decorations] CAPPING events from decorations provider vscode.git 7043
2023-03-09 10:47:59.455 [warning] [Decorations] CAPPING events from decorations provider vscode.git 7043
2023-03-09 10:48:26.762 [warning] [Decorations] CAPPING events from decorations provider vscode.git 7043
2023-03-09 10:48:32.416 [warning] [Decorations] CAPPING events from decorations provider vscode.git 7043
2023-03-09 10:48:38.071 [warning] [Decorations] CAPPING events from decorations provider vscode.git 7043
2023-03-09 10:48:43.779 [warning] [Decorations] CAPPING events from decorations provider vscode.git 7043
2023-03-09 10:48:49.609 [warning] [Decorations] CAPPING events from decorations provider vscode.git 7043
2023-03-09 10:48:55.232 [warning] [Decorations] CAPPING events from decorations provider vscode.git 7043
2023-03-09 10:49:00.828 [warning] [Decorations] CAPPING events from decorations provider vscode.git 7043
2023-03-09 10:49:06.522 [warning] [Decorations] CAPPING events from decorations provider vscode.git 7043
2023-03-09 10:49:12.244 [warning] [Decorations] CAPPING events from decorations provider vscode.git 7043
2023-03-09 10:49:17.970 [warning] [Decorations] CAPPING events from decorations provider vscode.git 7043
2023-03-09 10:49:23.625 [warning] [Decorations] CAPPING events from decorations provider vscode.git 7043
2023-03-09 10:49:29.226 [warning] [Decorations] CAPPING events from decorations provider vscode.git 7043
2023-03-09 10:49:34.834 [warning] [Decorations] CAPPING events from decorations provider vscode.git 7043
2023-03-09 10:49:41.551 [warning] [Decorations] CAPPING events from decorations provider vscode.git 7043
2023-03-09 10:49:47.465 [warning] [Decorations] CAPPING events from decorations provider vscode.git 7043
2023-03-09 10:49:53.093 [warning] [Decorations] CAPPING events from decorations provider vscode.git 7043
2023-03-09 10:49:58.751 [warning] [Decorations] CAPPING events from decorations provider vscode.git 7043
2023-03-09 10:50:04.385 [warning] [Decorations] CAPPING events from decorations provider vscode.git 7043
2023-03-09 10:50:10.128 [warning] [Decorations] CAPPING events from decorations provider vscode.git 7043
2023-03-09 10:50:15.839 [warning] [Decorations] CAPPING events from decorations provider vscode.git 7043
2023-03-09 10:50:21.472 [warning] [Decorations] CAPPING events from decorations provider vscode.git 7043
2023-03-09 10:50:27.079 [warning] [Decorations] CAPPING events from decorations provider vscode.git 7043
2023-03-09 10:50:32.735 [warning] [Decorations] CAPPING events from decorations provider vscode.git 7043
2023-03-09 10:50:38.399 [warning] [Decorations] CAPPING events from decorations provider vscode.git 7043
2023-03-09 10:50:44.008 [warning] [Decorations] CAPPING events from decorations provider vscode.git 7043
2023-03-09 10:50:49.621 [warning] [Decorations] CAPPING events from decorations provider vscode.git 7043
2023-03-09 10:50:55.232 [warning] [Decorations] CAPPING events from decorations provider vscode.git 7043
2023-03-09 10:51:00.851 [warning] [Decorations] CAPPING events from decorations provider vscode.git 7043
2023-03-09 10:51:06.534 [warning] [Decorations] CAPPING events from decorations provider vscode.git 7043
2023-03-09 10:51:12.155 [warning] [Decorations] CAPPING events from decorations provider vscode.git 7043
2023-03-09 10:51:18.990 [warning] [Decorations] CAPPING events from decorations provider vscode.git 7043
2023-03-09 10:51:24.859 [warning] [Decorations] CAPPING events from decorations provider vscode.git 7043
2023-03-09 10:51:30.635 [warning] [Decorations] CAPPING events from decorations provider vscode.git 7043
2023-03-09 10:51:42.000 [warning] [Decorations] CAPPING events from decorations provider vscode.git 7043
2023-03-09 10:52:10.646 [warning] [Decorations] CAPPING events from decorations provider vscode.git 7043
2023-03-09 10:52:16.386 [warning] [Decorations] CAPPING events from decorations provider vscode.git 7043
2023-03-09 10:52:21.984 [warning] [Decorations] CAPPING events from decorations provider vscode.git 7043
2023-03-09 10:52:57.307 [warning] [Decorations] CAPPING events from decorations provider vscode.git 7043
2023-03-09 10:53:02.919 [warning] [Decorations] CAPPING events from decorations provider vscode.git 7043
2023-03-09 10:53:08.514 [warning] [Decorations] CAPPING events from decorations provider vscode.git 7043
2023-03-09 10:53:14.180 [warning] [Decorations] CAPPING events from decorations provider vscode.git 7043
2023-03-09 10:53:19.804 [warning] [Decorations] CAPPING events from decorations provider vscode.git 7043
2023-03-09 10:53:25.457 [warning] [Decorations] CAPPING events from decorations provider vscode.git 7043
2023-03-09 10:53:31.076 [warning] [Decorations] CAPPING events from decorations provider vscode.git 7043
2023-03-09 10:53:36.717 [warning] [Decorations] CAPPING events from decorations provider vscode.git 7043
2023-03-09 10:53:42.421 [warning] [Decorations] CAPPING events from decorations provider vscode.git 7043
2023-03-09 10:53:48.323 [warning] [Decorations] CAPPING events from decorations provider vscode.git 7043
2023-03-09 10:53:55.893 [warning] [Decorations] CAPPING events from decorations provider vscode.git 7043
2023-03-09 10:54:01.509 [warning] [Decorations] CAPPING events from decorations provider vscode.git 7043
2023-03-09 10:54:07.103 [warning] [Decorations] CAPPING events from decorations provider vscode.git 7043
2023-03-09 10:54:12.711 [warning] [Decorations] CAPPING events from decorations provider vscode.git 7043
2023-03-09 10:54:20.575 [warning] [Decorations] CAPPING events from decorations provider vscode.git 7043
2023-03-09 10:54:40.790 [warning] [Decorations] CAPPING events from decorations provider vscode.git 7043
2023-03-09 10:54:46.730 [warning] [Decorations] CAPPING events from decorations provider vscode.git 7043
2023-03-09 10:54:52.375 [warning] [Decorations] CAPPING events from decorations provider vscode.git 7043
2023-03-09 10:55:23.284 [warning] [Decorations] CAPPING events from decorations provider vscode.git 7043
2023-03-09 10:56:21.203 [warning] [Decorations] CAPPING events from decorations provider vscode.git 7043
2023-03-09 10:56:27.120 [warning] [Decorations] CAPPING events from decorations provider vscode.git 7043
2023-03-09 10:56:32.832 [warning] [Decorations] CAPPING events from decorations provider vscode.git 7043
2023-03-09 10:56:38.446 [warning] [Decorations] CAPPING events from decorations provider vscode.git 7043
2023-03-09 10:56:44.027 [warning] [Decorations] CAPPING events from decorations provider vscode.git 7043
2023-03-09 10:56:52.609 [warning] [Decorations] CAPPING events from decorations provider vscode.git 7043
2023-03-09 10:56:58.224 [warning] [Decorations] CAPPING events from decorations provider vscode.git 7043
2023-03-09 10:57:04.869 [warning] [Decorations] CAPPING events from decorations provider vscode.git 7043
2023-03-09 10:57:10.520 [warning] [Decorations] CAPPING events from decorations provider vscode.git 7043
2023-03-09 10:57:16.189 [warning] [Decorations] CAPPING events from decorations provider vscode.git 7043
2023-03-09 10:57:21.866 [warning] [Decorations] CAPPING events from decorations provider vscode.git 7043
2023-03-09 10:57:27.554 [warning] [Decorations] CAPPING events from decorations provider vscode.git 7043
2023-03-09 10:57:33.190 [warning] [Decorations] CAPPING events from decorations provider vscode.git 7043
2023-03-09 10:57:38.792 [warning] [Decorations] CAPPING events from decorations provider vscode.git 7043
2023-03-09 10:57:44.362 [warning] [Decorations] CAPPING events from decorations provider vscode.git 7043
2023-03-09 10:57:52.598 [warning] [Decorations] CAPPING events from decorations provider vscode.git 7043
2023-03-09 10:57:58.545 [warning] [Decorations] CAPPING events from decorations provider vscode.git 7044
2023-03-09 10:58:06.335 [warning] [Decorations] CAPPING events from decorations provider vscode.git 7044
2023-03-09 10:58:12.121 [warning] [Decorations] CAPPING events from decorations provider vscode.git 7044
2023-03-09 10:58:18.240 [warning] [Decorations] CAPPING events from decorations provider vscode.git 7044
2023-03-09 10:58:23.949 [warning] [Decorations] CAPPING events from decorations provider vscode.git 7044
2023-03-09 10:58:29.781 [warning] [Decorations] CAPPING events from decorations provider vscode.git 7044
2023-03-09 10:58:35.498 [warning] [Decorations] CAPPING events from decorations provider vscode.git 7044
2023-03-09 10:58:41.169 [warning] [Decorations] CAPPING events from decorations provider vscode.git 7044
2023-03-09 10:58:47.028 [warning] [Decorations] CAPPING events from decorations provider vscode.git 7044
2023-03-09 10:58:52.738 [warning] [Decorations] CAPPING events from decorations provider vscode.git 7044
2023-03-09 10:59:02.401 [warning] [Decorations] CAPPING events from decorations provider vscode.git 7045
2023-03-09 10:59:08.138 [warning] [Decorations] CAPPING events from decorations provider vscode.git 7045
2023-03-09 10:59:14.182 [warning] [Decorations] CAPPING events from decorations provider vscode.git 7045
2023-03-09 10:59:19.840 [warning] [Decorations] CAPPING events from decorations provider vscode.git 7045
2023-03-09 10:59:25.640 [warning] [Decorations] CAPPING events from decorations provider vscode.git 7045
2023-03-09 10:59:33.879 [warning] [Decorations] CAPPING events from decorations provider vscode.git 7045
2023-03-09 10:59:39.828 [warning] [Decorations] CAPPING events from decorations provider vscode.git 7045
2023-03-09 10:59:45.507 [warning] [Decorations] CAPPING events from decorations provider vscode.git 7045
2023-03-09 10:59:51.154 [warning] [Decorations] CAPPING events from decorations provider vscode.git 7045
2023-03-09 10:59:57.106 [warning] [Decorations] CAPPING events from decorations provider vscode.git 7045
2023-03-09 11:00:03.342 [warning] [Decorations] CAPPING events from decorations provider vscode.git 7045
2023-03-09 11:00:09.552 [warning] [Decorations] CAPPING events from decorations provider vscode.git 7045
2023-03-09 11:00:15.286 [warning] [Decorations] CAPPING events from decorations provider vscode.git 7045
2023-03-09 11:00:20.973 [warning] [Decorations] CAPPING events from decorations provider vscode.git 7045
2023-03-09 11:00:26.806 [warning] [Decorations] CAPPING events from decorations provider vscode.git 7045
2023-03-09 11:00:32.537 [warning] [Decorations] CAPPING events from decorations provider vscode.git 7045
2023-03-09 11:00:38.306 [warning] [Decorations] CAPPING events from decorations provider vscode.git 7045
2023-03-09 11:00:44.086 [warning] [Decorations] CAPPING events from decorations provider vscode.git 7045
2023-03-09 11:00:49.741 [warning] [Decorations] CAPPING events from decorations provider vscode.git 7045
2023-03-09 11:00:55.450 [warning] [Decorations] CAPPING events from decorations provider vscode.git 7045
2023-03-09 11:01:01.140 [warning] [Decorations] CAPPING events from decorations provider vscode.git 7045
2023-03-09 11:01:06.834 [warning] [Decorations] CAPPING events from decorations provider vscode.git 7045
2023-03-09 11:01:12.454 [warning] [Decorations] CAPPING events from decorations provider vscode.git 7045
2023-03-09 11:01:18.072 [warning] [Decorations] CAPPING events from decorations provider vscode.git 7045
2023-03-09 11:01:23.695 [warning] [Decorations] CAPPING events from decorations provider vscode.git 7045
2023-03-09 11:01:29.430 [warning] [Decorations] CAPPING events from decorations provider vscode.git 7045
2023-03-09 11:01:35.020 [warning] [Decorations] CAPPING events from decorations provider vscode.git 7045
2023-03-09 11:01:40.640 [warning] [Decorations] CAPPING events from decorations provider vscode.git 7045
2023-03-09 11:01:46.290 [warning] [Decorations] CAPPING events from decorations provider vscode.git 7045
2023-03-09 11:01:52.205 [warning] [Decorations] CAPPING events from decorations provider vscode.git 7045
2023-03-09 11:01:57.813 [warning] [Decorations] CAPPING events from decorations provider vscode.git 7045
2023-03-09 11:02:03.444 [warning] [Decorations] CAPPING events from decorations provider vscode.git 7045
2023-03-09 11:02:09.072 [warning] [Decorations] CAPPING events from decorations provider vscode.git 7045
2023-03-09 11:02:20.656 [warning] [Decorations] CAPPING events from decorations provider vscode.git 7045
2023-03-09 11:02:26.253 [warning] [Decorations] CAPPING events from decorations provider vscode.git 7045
2023-03-09 11:02:31.888 [warning] [Decorations] CAPPING events from decorations provider vscode.git 7045
2023-03-09 11:02:37.557 [warning] [Decorations] CAPPING events from decorations provider vscode.git 7045
2023-03-09 11:02:43.175 [warning] [Decorations] CAPPING events from decorations provider vscode.git 7045
2023-03-09 11:02:48.783 [warning] [Decorations] CAPPING events from decorations provider vscode.git 7045
2023-03-09 11:02:54.420 [warning] [Decorations] CAPPING events from decorations provider vscode.git 7045
2023-03-09 11:03:01.006 [warning] [Decorations] CAPPING events from decorations provider vscode.git 7045
2023-03-09 11:03:06.744 [warning] [Decorations] CAPPING events from decorations provider vscode.git 7045
2023-03-09 11:03:12.505 [warning] [Decorations] CAPPING events from decorations provider vscode.git 7045
2023-03-09 11:03:18.161 [warning] [Decorations] CAPPING events from decorations provider vscode.git 7045
2023-03-09 11:03:23.796 [warning] [Decorations] CAPPING events from decorations provider vscode.git 7045
2023-03-09 11:03:29.488 [warning] [Decorations] CAPPING events from decorations provider vscode.git 7045
2023-03-09 11:03:35.105 [warning] [Decorations] CAPPING events from decorations provider vscode.git 7045
2023-03-09 11:03:40.814 [warning] [Decorations] CAPPING events from decorations provider vscode.git 7045
2023-03-09 11:03:46.427 [warning] [Decorations] CAPPING events from decorations provider vscode.git 7045
2023-03-09 11:03:52.104 [warning] [Decorations] CAPPING events from decorations provider vscode.git 7045
2023-03-09 11:03:57.760 [warning] [Decorations] CAPPING events from decorations provider vscode.git 7045
2023-03-09 11:04:03.371 [warning] [Decorations] CAPPING events from decorations provider vscode.git 7045
2023-03-09 11:04:09.066 [warning] [Decorations] CAPPING events from decorations provider vscode.git 7045
2023-03-09 11:04:14.805 [warning] [Decorations] CAPPING events from decorations provider vscode.git 7045
2023-03-09 11:04:20.471 [warning] [Decorations] CAPPING events from decorations provider vscode.git 7045
2023-03-09 11:04:26.200 [warning] [Decorations] CAPPING events from decorations provider vscode.git 7045
2023-03-09 11:04:31.797 [warning] [Decorations] CAPPING events from decorations provider vscode.git 7045
2023-03-09 11:04:37.457 [warning] [Decorations] CAPPING events from decorations provider vscode.git 7045
2023-03-09 11:04:43.214 [warning] [Decorations] CAPPING events from decorations provider vscode.git 7045
2023-03-09 11:04:48.811 [warning] [Decorations] CAPPING events from decorations provider vscode.git 7045
2023-03-09 11:04:54.418 [warning] [Decorations] CAPPING events from decorations provider vscode.git 7045
2023-03-09 11:05:00.092 [warning] [Decorations] CAPPING events from decorations provider vscode.git 7045
2023-03-09 11:05:05.915 [warning] [Decorations] CAPPING events from decorations provider vscode.git 7045
2023-03-09 11:05:11.586 [warning] [Decorations] CAPPING events from decorations provider vscode.git 7045
2023-03-09 11:05:17.175 [warning] [Decorations] CAPPING events from decorations provider vscode.git 7045
2023-03-09 11:05:22.825 [warning] [Decorations] CAPPING events from decorations provider vscode.git 7045
2023-03-09 11:05:28.407 [warning] [Decorations] CAPPING events from decorations provider vscode.git 7045
2023-03-09 11:05:34.035 [warning] [Decorations] CAPPING events from decorations provider vscode.git 7045
2023-03-09 11:05:39.615 [warning] [Decorations] CAPPING events from decorations provider vscode.git 7045
2023-03-09 11:05:45.233 [warning] [Decorations] CAPPING events from decorations provider vscode.git 7045
2023-03-09 11:05:50.889 [warning] [Decorations] CAPPING events from decorations provider vscode.git 7045
2023-03-09 11:05:56.502 [warning] [Decorations] CAPPING events from decorations provider vscode.git 7045
2023-03-09 11:06:02.129 [warning] [Decorations] CAPPING events from decorations provider vscode.git 7045
2023-03-09 11:06:07.883 [warning] [Decorations] CAPPING events from decorations provider vscode.git 7045
2023-03-09 11:06:13.491 [warning] [Decorations] CAPPING events from decorations provider vscode.git 7045
2023-03-09 11:06:19.168 [warning] [Decorations] CAPPING events from decorations provider vscode.git 7045
2023-03-09 11:06:24.900 [warning] [Decorations] CAPPING events from decorations provider vscode.git 7045
2023-03-09 11:06:30.600 [warning] [Decorations] CAPPING events from decorations provider vscode.git 7045
2023-03-09 11:06:36.208 [warning] [Decorations] CAPPING events from decorations provider vscode.git 7045
2023-03-09 11:06:41.846 [warning] [Decorations] CAPPING events from decorations provider vscode.git 7045
2023-03-09 11:06:47.526 [warning] [Decorations] CAPPING events from decorations provider vscode.git 7045
2023-03-09 11:06:53.217 [warning] [Decorations] CAPPING events from decorations provider vscode.git 7045
2023-03-09 11:06:58.969 [warning] [Decorations] CAPPING events from decorations provider vscode.git 7045
2023-03-09 11:07:04.817 [warning] [Decorations] CAPPING events from decorations provider vscode.git 7045
2023-03-09 11:07:10.507 [warning] [Decorations] CAPPING events from decorations provider vscode.git 7045
2023-03-09 11:07:16.185 [warning] [Decorations] CAPPING events from decorations provider vscode.git 7045
2023-03-09 11:07:21.906 [warning] [Decorations] CAPPING events from decorations provider vscode.git 7045
2023-03-09 11:07:27.628 [warning] [Decorations] CAPPING events from decorations provider vscode.git 7045
2023-03-09 11:07:33.402 [warning] [Decorations] CAPPING events from decorations provider vscode.git 7045
2023-03-09 11:07:39.126 [warning] [Decorations] CAPPING events from decorations provider vscode.git 7045
2023-03-09 11:07:44.981 [warning] [Decorations] CAPPING events from decorations provider vscode.git 7045
2023-03-09 11:07:50.604 [warning] [Decorations] CAPPING events from decorations provider vscode.git 7045
2023-03-09 11:07:56.482 [warning] [Decorations] CAPPING events from decorations provider vscode.git 7045
2023-03-09 11:08:02.093 [warning] [Decorations] CAPPING events from decorations provider vscode.git 7045
2023-03-09 11:08:09.674 [warning] [Decorations] CAPPING events from decorations provider vscode.git 7045
2023-03-09 11:08:15.250 [warning] [Decorations] CAPPING events from decorations provider vscode.git 7045
2023-03-09 11:08:20.858 [warning] [Decorations] CAPPING events from decorations provider vscode.git 7045
2023-03-09 11:08:26.682 [warning] [Decorations] CAPPING events from decorations provider vscode.git 7045
2023-03-09 11:08:32.341 [warning] [Decorations] CAPPING events from decorations provider vscode.git 7045
2023-03-09 11:08:38.166 [warning] [Decorations] CAPPING events from decorations provider vscode.git 7045
2023-03-09 11:08:43.777 [warning] [Decorations] CAPPING events from decorations provider vscode.git 7045
2023-03-09 11:08:49.484 [warning] [Decorations] CAPPING events from decorations provider vscode.git 7045
2023-03-09 11:08:55.124 [warning] [Decorations] CAPPING events from decorations provider vscode.git 7045
2023-03-09 11:09:00.771 [warning] [Decorations] CAPPING events from decorations provider vscode.git 7045
2023-03-09 11:09:06.396 [warning] [Decorations] CAPPING events from decorations provider vscode.git 7045
2023-03-09 11:09:22.031 [warning] [Decorations] CAPPING events from decorations provider vscode.git 7045
2023-03-09 11:09:27.753 [warning] [Decorations] CAPPING events from decorations provider vscode.git 7045
2023-03-09 11:09:33.383 [warning] [Decorations] CAPPING events from decorations provider vscode.git 7045
2023-03-09 11:09:39.123 [warning] [Decorations] CAPPING events from decorations provider vscode.git 7045
2023-03-09 11:09:44.822 [warning] [Decorations] CAPPING events from decorations provider vscode.git 7045
2023-03-09 11:09:50.538 [warning] [Decorations] CAPPING events from decorations provider vscode.git 7045
2023-03-09 11:09:56.213 [warning] [Decorations] CAPPING events from decorations provider vscode.git 7045
2023-03-09 11:10:01.829 [warning] [Decorations] CAPPING events from decorations provider vscode.git 7045
2023-03-09 11:10:07.569 [warning] [Decorations] CAPPING events from decorations provider vscode.git 7045
2023-03-09 11:10:13.212 [warning] [Decorations] CAPPING events from decorations provider vscode.git 7045
2023-03-09 11:10:18.909 [warning] [Decorations] CAPPING events from decorations provider vscode.git 7045
2023-03-09 11:10:24.539 [warning] [Decorations] CAPPING events from decorations provider vscode.git 7045
2023-03-09 11:10:32.210 [warning] [Decorations] CAPPING events from decorations provider vscode.git 7045
2023-03-09 11:10:38.874 [warning] [Decorations] CAPPING events from decorations provider vscode.git 7045
2023-03-09 11:10:44.555 [warning] [Decorations] CAPPING events from decorations provider vscode.git 7045
2023-03-09 11:10:50.168 [warning] [Decorations] CAPPING events from decorations provider vscode.git 7045
2023-03-09 11:10:55.989 [warning] [Decorations] CAPPING events from decorations provider vscode.git 7045
2023-03-09 11:11:01.669 [warning] [Decorations] CAPPING events from decorations provider vscode.git 7045
2023-03-09 11:11:08.255 [warning] [Decorations] CAPPING events from decorations provider vscode.git 7045
2023-03-09 11:11:13.897 [warning] [Decorations] CAPPING events from decorations provider vscode.git 7045
2023-03-09 11:11:19.555 [warning] [Decorations] CAPPING events from decorations provider vscode.git 7045
2023-03-09 11:11:25.160 [warning] [Decorations] CAPPING events from decorations provider vscode.git 7045
2023-03-09 11:11:30.741 [warning] [Decorations] CAPPING events from decorations provider vscode.git 7045
2023-03-09 11:11:36.364 [warning] [Decorations] CAPPING events from decorations provider vscode.git 7045
2023-03-09 11:11:43.018 [warning] [Decorations] CAPPING events from decorations provider vscode.git 7045
2023-03-09 11:11:48.724 [warning] [Decorations] CAPPING events from decorations provider vscode.git 7045
2023-03-09 11:11:54.321 [warning] [Decorations] CAPPING events from decorations provider vscode.git 7045
2023-03-09 11:11:59.932 [warning] [Decorations] CAPPING events from decorations provider vscode.git 7045
2023-03-09 11:12:05.621 [warning] [Decorations] CAPPING events from decorations provider vscode.git 7045
2023-03-09 11:12:11.402 [warning] [Decorations] CAPPING events from decorations provider vscode.git 7045
2023-03-09 11:12:17.442 [warning] [Decorations] CAPPING events from decorations provider vscode.git 7045
2023-03-09 11:12:24.044 [warning] [Decorations] CAPPING events from decorations provider vscode.git 7045
2023-03-09 11:12:29.861 [warning] [Decorations] CAPPING events from decorations provider vscode.git 7045
2023-03-09 11:12:35.494 [warning] [Decorations] CAPPING events from decorations provider vscode.git 7045
2023-03-09 11:12:41.111 [warning] [Decorations] CAPPING events from decorations provider vscode.git 7045
2023-03-09 11:12:46.779 [warning] [Decorations] CAPPING events from decorations provider vscode.git 7045
2023-03-09 11:12:52.462 [warning] [Decorations] CAPPING events from decorations provider vscode.git 7045
2023-03-09 11:12:58.123 [warning] [Decorations] CAPPING events from decorations provider vscode.git 7045
2023-03-09 11:13:03.887 [warning] [Decorations] CAPPING events from decorations provider vscode.git 7045
2023-03-09 11:13:10.470 [warning] [Decorations] CAPPING events from decorations provider vscode.git 7045
2023-03-09 11:13:16.185 [warning] [Decorations] CAPPING events from decorations provider vscode.git 7045
2023-03-09 11:13:22.111 [warning] [Decorations] CAPPING events from decorations provider vscode.git 7045
2023-03-09 11:13:27.943 [warning] [Decorations] CAPPING events from decorations provider vscode.git 7045
2023-03-09 11:13:33.666 [warning] [Decorations] CAPPING events from decorations provider vscode.git 7045
2023-03-09 11:13:39.370 [warning] [Decorations] CAPPING events from decorations provider vscode.git 7045
2023-03-09 11:13:45.097 [warning] [Decorations] CAPPING events from decorations provider vscode.git 7045
2023-03-09 11:13:50.852 [warning] [Decorations] CAPPING events from decorations provider vscode.git 7045
2023-03-09 11:13:56.518 [warning] [Decorations] CAPPING events from decorations provider vscode.git 7045
2023-03-09 11:14:02.253 [warning] [Decorations] CAPPING events from decorations provider vscode.git 7045
2023-03-09 11:14:07.923 [warning] [Decorations] CAPPING events from decorations provider vscode.git 7045
2023-03-09 11:14:13.666 [warning] [Decorations] CAPPING events from decorations provider vscode.git 7045
2023-03-09 11:14:19.521 [warning] [Decorations] CAPPING events from decorations provider vscode.git 7045
2023-03-09 11:14:25.287 [warning] [Decorations] CAPPING events from decorations provider vscode.git 7045
2023-03-09 11:14:30.906 [warning] [Decorations] CAPPING events from decorations provider vscode.git 7045
2023-03-09 11:14:36.572 [warning] [Decorations] CAPPING events from decorations provider vscode.git 7045
2023-03-09 11:14:42.190 [warning] [Decorations] CAPPING events from decorations provider vscode.git 7045
2023-03-09 11:14:47.842 [warning] [Decorations] CAPPING events from decorations provider vscode.git 7045
2023-03-09 11:14:53.482 [warning] [Decorations] CAPPING events from decorations provider vscode.git 7045
2023-03-09 11:15:04.152 [warning] [Decorations] CAPPING events from decorations provider vscode.git 7045
2023-03-09 11:15:10.759 [warning] [Decorations] CAPPING events from decorations provider vscode.git 7045
2023-03-09 11:15:19.321 [warning] [Decorations] CAPPING events from decorations provider vscode.git 7045
2023-03-09 11:15:24.925 [warning] [Decorations] CAPPING events from decorations provider vscode.git 7045
2023-03-09 11:15:30.500 [warning] [Decorations] CAPPING events from decorations provider vscode.git 7045
2023-03-09 11:15:37.049 [warning] [Decorations] CAPPING events from decorations provider vscode.git 7045
2023-03-09 11:15:42.675 [warning] [Decorations] CAPPING events from decorations provider vscode.git 7045
2023-03-09 11:15:48.278 [warning] [Decorations] CAPPING events from decorations provider vscode.git 7045
2023-03-09 11:15:55.850 [warning] [Decorations] CAPPING events from decorations provider vscode.git 7045
2023-03-09 11:16:01.720 [warning] [Decorations] CAPPING events from decorations provider vscode.git 7045
2023-03-09 11:16:07.431 [warning] [Decorations] CAPPING events from decorations provider vscode.git 7045
2023-03-09 11:16:15.983 [warning] [Decorations] CAPPING events from decorations provider vscode.git 7045
2023-03-09 11:16:21.601 [warning] [Decorations] CAPPING events from decorations provider vscode.git 7045
2023-03-09 11:16:27.200 [warning] [Decorations] CAPPING events from decorations provider vscode.git 7045
2023-03-09 11:16:32.782 [warning] [Decorations] CAPPING events from decorations provider vscode.git 7045
2023-03-09 11:16:38.421 [warning] [Decorations] CAPPING events from decorations provider vscode.git 7045
2023-03-09 11:16:44.047 [warning] [Decorations] CAPPING events from decorations provider vscode.git 7045
2023-03-09 11:16:50.595 [warning] [Decorations] CAPPING events from decorations provider vscode.git 7045
2023-03-09 11:16:56.191 [warning] [Decorations] CAPPING events from decorations provider vscode.git 7045
2023-03-09 11:17:01.800 [warning] [Decorations] CAPPING events from decorations provider vscode.git 7045
2023-03-09 11:17:07.397 [warning] [Decorations] CAPPING events from decorations provider vscode.git 7045
2023-03-09 11:17:13.021 [warning] [Decorations] CAPPING events from decorations provider vscode.git 7045
2023-03-09 11:17:18.723 [warning] [Decorations] CAPPING events from decorations provider vscode.git 7045
2023-03-09 11:17:24.336 [warning] [Decorations] CAPPING events from decorations provider vscode.git 7045
2023-03-09 11:17:29.996 [warning] [Decorations] CAPPING events from decorations provider vscode.git 7045
2023-03-09 11:17:35.724 [warning] [Decorations] CAPPING events from decorations provider vscode.git 7045
2023-03-09 11:17:41.457 [warning] [Decorations] CAPPING events from decorations provider vscode.git 7045
2023-03-09 11:17:47.064 [warning] [Decorations] CAPPING events from decorations provider vscode.git 7045
2023-03-09 11:17:52.848 [warning] [Decorations] CAPPING events from decorations provider vscode.git 7045
2023-03-09 11:17:58.467 [warning] [Decorations] CAPPING events from decorations provider vscode.git 7045
2023-03-09 11:18:04.312 [warning] [Decorations] CAPPING events from decorations provider vscode.git 7045
2023-03-09 11:18:10.115 [warning] [Decorations] CAPPING events from decorations provider vscode.git 7045
2023-03-09 11:18:16.539 [warning] [Decorations] CAPPING events from decorations provider vscode.git 7045
2023-03-09 11:18:22.251 [warning] [Decorations] CAPPING events from decorations provider vscode.git 7045
2023-03-09 11:18:28.041 [warning] [Decorations] CAPPING events from decorations provider vscode.git 7045
2023-03-09 11:18:33.786 [warning] [Decorations] CAPPING events from decorations provider vscode.git 7045
2023-03-09 11:18:39.539 [warning] [Decorations] CAPPING events from decorations provider vscode.git 7045
2023-03-09 11:18:45.222 [warning] [Decorations] CAPPING events from decorations provider vscode.git 7045
2023-03-09 11:18:50.968 [warning] [Decorations] CAPPING events from decorations provider vscode.git 7045
2023-03-09 11:18:56.839 [warning] [Decorations] CAPPING events from decorations provider vscode.git 7045
2023-03-09 11:19:02.651 [warning] [Decorations] CAPPING events from decorations provider vscode.git 7045
2023-03-09 11:19:08.384 [warning] [Decorations] CAPPING events from decorations provider vscode.git 7045
2023-03-09 11:19:14.163 [warning] [Decorations] CAPPING events from decorations provider vscode.git 7045
2023-03-09 11:19:19.868 [warning] [Decorations] CAPPING events from decorations provider vscode.git 7045
2023-03-09 11:19:25.664 [warning] [Decorations] CAPPING events from decorations provider vscode.git 7045
2023-03-09 11:19:31.413 [warning] [Decorations] CAPPING events from decorations provider vscode.git 7045
2023-03-09 11:19:37.074 [warning] [Decorations] CAPPING events from decorations provider vscode.git 7045
2023-03-09 11:19:42.672 [warning] [Decorations] CAPPING events from decorations provider vscode.git 7045
2023-03-09 11:19:48.288 [warning] [Decorations] CAPPING events from decorations provider vscode.git 7045
2023-03-09 11:19:53.890 [warning] [Decorations] CAPPING events from decorations provider vscode.git 7045
2023-03-09 11:19:59.598 [warning] [Decorations] CAPPING events from decorations provider vscode.git 7045
2023-03-09 11:20:05.468 [warning] [Decorations] CAPPING events from decorations provider vscode.git 7045
2023-03-09 11:20:11.194 [warning] [Decorations] CAPPING events from decorations provider vscode.git 7045
2023-03-09 11:20:16.892 [warning] [Decorations] CAPPING events from decorations provider vscode.git 7045
2023-03-09 11:20:22.689 [warning] [Decorations] CAPPING events from decorations provider vscode.git 7045
2023-03-09 11:20:28.366 [warning] [Decorations] CAPPING events from decorations provider vscode.git 7045
2023-03-09 11:20:34.103 [warning] [Decorations] CAPPING events from decorations provider vscode.git 7045
2023-03-09 11:20:39.769 [warning] [Decorations] CAPPING events from decorations provider vscode.git 7045
2023-03-09 11:20:45.422 [warning] [Decorations] CAPPING events from decorations provider vscode.git 7045
2023-03-09 11:20:51.154 [warning] [Decorations] CAPPING events from decorations provider vscode.git 7045
2023-03-09 11:20:56.824 [warning] [Decorations] CAPPING events from decorations provider vscode.git 7045
2023-03-09 11:21:02.428 [warning] [Decorations] CAPPING events from decorations provider vscode.git 7045
2023-03-09 11:21:10.005 [warning] [Decorations] CAPPING events from decorations provider vscode.git 7045
2023-03-09 11:21:15.789 [warning] [Decorations] CAPPING events from decorations provider vscode.git 7045
2023-03-09 11:21:24.352 [warning] [Decorations] CAPPING events from decorations provider vscode.git 7045
2023-03-09 11:21:30.119 [warning] [Decorations] CAPPING events from decorations provider vscode.git 7045
2023-03-09 11:21:35.980 [warning] [Decorations] CAPPING events from decorations provider vscode.git 7045
2023-03-09 11:21:41.609 [warning] [Decorations] CAPPING events from decorations provider vscode.git 7045
2023-03-09 11:21:47.265 [warning] [Decorations] CAPPING events from decorations provider vscode.git 7045
2023-03-09 11:21:52.889 [warning] [Decorations] CAPPING events from decorations provider vscode.git 7045
2023-03-09 11:21:58.661 [warning] [Decorations] CAPPING events from decorations provider vscode.git 7045
2023-03-09 11:22:04.301 [warning] [Decorations] CAPPING events from decorations provider vscode.git 7045
2023-03-09 11:22:09.954 [warning] [Decorations] CAPPING events from decorations provider vscode.git 7045
2023-03-09 11:22:16.512 [warning] [Decorations] CAPPING events from decorations provider vscode.git 7045
2023-03-09 11:22:22.085 [warning] [Decorations] CAPPING events from decorations provider vscode.git 7045
2023-03-09 11:22:27.936 [warning] [Decorations] CAPPING events from decorations provider vscode.git 7045
2023-03-09 11:22:33.746 [warning] [Decorations] CAPPING events from decorations provider vscode.git 7045
2023-03-09 11:22:39.640 [warning] [Decorations] CAPPING events from decorations provider vscode.git 7045
2023-03-09 11:22:49.920 [warning] [Decorations] CAPPING events from decorations provider vscode.git 7045
2023-03-09 11:22:55.574 [warning] [Decorations] CAPPING events from decorations provider vscode.git 7045
2023-03-09 11:23:01.310 [warning] [Decorations] CAPPING events from decorations provider vscode.git 7045
2023-03-09 11:23:07.016 [warning] [Decorations] CAPPING events from decorations provider vscode.git 7045
2023-03-09 11:23:12.768 [warning] [Decorations] CAPPING events from decorations provider vscode.git 7045
2023-03-09 11:23:18.345 [warning] [Decorations] CAPPING events from decorations provider vscode.git 7045
2023-03-09 11:23:24.194 [warning] [Decorations] CAPPING events from decorations provider vscode.git 7045
2023-03-09 11:23:31.439 [warning] [Decorations] CAPPING events from decorations provider vscode.git 7045
2023-03-09 11:23:37.095 [warning] [Decorations] CAPPING events from decorations provider vscode.git 7045
2023-03-09 11:23:42.756 [warning] [Decorations] CAPPING events from decorations provider vscode.git 7045
2023-03-09 11:23:48.345 [warning] [Decorations] CAPPING events from decorations provider vscode.git 7045
2023-03-09 11:23:56.138 [warning] [Decorations] CAPPING events from decorations provider vscode.git 7045
2023-03-09 11:24:01.764 [warning] [Decorations] CAPPING events from decorations provider vscode.git 7045
2023-03-09 11:24:07.478 [warning] [Decorations] CAPPING events from decorations provider vscode.git 7045
2023-03-09 11:24:15.070 [warning] [Decorations] CAPPING events from decorations provider vscode.git 7045
2023-03-09 11:24:20.685 [warning] [Decorations] CAPPING events from decorations provider vscode.git 7045
2023-03-09 11:24:26.341 [warning] [Decorations] CAPPING events from decorations provider vscode.git 7045
2023-03-09 11:24:31.940 [warning] [Decorations] CAPPING events from decorations provider vscode.git 7045
2023-03-09 11:24:40.575 [warning] [Decorations] CAPPING events from decorations provider vscode.git 7045
2023-03-09 11:24:46.250 [warning] [Decorations] CAPPING events from decorations provider vscode.git 7045
2023-03-09 11:24:52.048 [warning] [Decorations] CAPPING events from decorations provider vscode.git 7045
2023-03-09 11:24:57.794 [warning] [Decorations] CAPPING events from decorations provider vscode.git 7045
2023-03-09 11:25:03.415 [warning] [Decorations] CAPPING events from decorations provider vscode.git 7045
2023-03-09 11:25:09.073 [warning] [Decorations] CAPPING events from decorations provider vscode.git 7045
2023-03-09 11:25:15.798 [warning] [Decorations] CAPPING events from decorations provider vscode.git 7045
2023-03-09 11:25:21.364 [warning] [Decorations] CAPPING events from decorations provider vscode.git 7045
2023-03-09 11:25:27.010 [warning] [Decorations] CAPPING events from decorations provider vscode.git 7045
2023-03-09 11:25:32.627 [warning] [Decorations] CAPPING events from decorations provider vscode.git 7045
2023-03-09 11:25:38.238 [warning] [Decorations] CAPPING events from decorations provider vscode.git 7045
2023-03-09 11:25:47.908 [warning] [Decorations] CAPPING events from decorations provider vscode.git 7045
2023-03-09 11:25:53.643 [warning] [Decorations] CAPPING events from decorations provider vscode.git 7045
2023-03-09 11:25:59.321 [warning] [Decorations] CAPPING events from decorations provider vscode.git 7045
2023-03-09 11:26:04.934 [warning] [Decorations] CAPPING events from decorations provider vscode.git 7045
2023-03-09 11:26:10.627 [warning] [Decorations] CAPPING events from decorations provider vscode.git 7045
2023-03-09 11:26:16.483 [warning] [Decorations] CAPPING events from decorations provider vscode.git 7045
2023-03-09 11:26:22.207 [warning] [Decorations] CAPPING events from decorations provider vscode.git 7045
2023-03-09 11:26:27.809 [warning] [Decorations] CAPPING events from decorations provider vscode.git 7045
2023-03-09 11:26:33.517 [warning] [Decorations] CAPPING events from decorations provider vscode.git 7045
2023-03-09 11:26:39.123 [warning] [Decorations] CAPPING events from decorations provider vscode.git 7045
2023-03-09 11:26:44.760 [warning] [Decorations] CAPPING events from decorations provider vscode.git 7045
2023-03-09 11:26:50.368 [warning] [Decorations] CAPPING events from decorations provider vscode.git 7045
2023-03-09 11:26:56.038 [warning] [Decorations] CAPPING events from decorations provider vscode.git 7045
2023-03-09 11:27:01.665 [warning] [Decorations] CAPPING events from decorations provider vscode.git 7045
2023-03-09 11:27:09.248 [warning] [Decorations] CAPPING events from decorations provider vscode.git 7045
2023-03-09 11:27:14.983 [warning] [Decorations] CAPPING events from decorations provider vscode.git 7045
2023-03-09 11:27:20.700 [warning] [Decorations] CAPPING events from decorations provider vscode.git 7045
2023-03-09 11:27:26.357 [warning] [Decorations] CAPPING events from decorations provider vscode.git 7045
2023-03-09 11:27:31.977 [warning] [Decorations] CAPPING events from decorations provider vscode.git 7045
2023-03-09 11:27:37.622 [warning] [Decorations] CAPPING events from decorations provider vscode.git 7045
2023-03-09 11:27:43.472 [warning] [Decorations] CAPPING events from decorations provider vscode.git 7045
2023-03-09 11:27:49.209 [warning] [Decorations] CAPPING events from decorations provider vscode.git 7045
2023-03-09 11:27:54.879 [warning] [Decorations] CAPPING events from decorations provider vscode.git 7045
2023-03-09 11:28:00.627 [warning] [Decorations] CAPPING events from decorations provider vscode.git 7045
2023-03-09 11:28:06.371 [warning] [Decorations] CAPPING events from decorations provider vscode.git 7045
2023-03-09 11:28:12.043 [warning] [Decorations] CAPPING events from decorations provider vscode.git 7045
2023-03-09 11:28:17.646 [warning] [Decorations] CAPPING events from decorations provider vscode.git 7045
2023-03-09 11:28:24.305 [warning] [Decorations] CAPPING events from decorations provider vscode.git 7045
2023-03-09 11:28:30.143 [warning] [Decorations] CAPPING events from decorations provider vscode.git 7045
2023-03-09 11:28:35.912 [warning] [Decorations] CAPPING events from decorations provider vscode.git 7045
2023-03-09 11:28:41.598 [warning] [Decorations] CAPPING events from decorations provider vscode.git 7045
2023-03-09 11:28:47.427 [warning] [Decorations] CAPPING events from decorations provider vscode.git 7045
2023-03-09 11:28:53.052 [warning] [Decorations] CAPPING events from decorations provider vscode.git 7045
2023-03-09 11:28:58.912 [warning] [Decorations] CAPPING events from decorations provider vscode.git 7045
2023-03-09 11:29:04.580 [warning] [Decorations] CAPPING events from decorations provider vscode.git 7045
2023-03-09 11:29:10.411 [warning] [Decorations] CAPPING events from decorations provider vscode.git 7045
2023-03-09 11:29:16.062 [warning] [Decorations] CAPPING events from decorations provider vscode.git 7045
2023-03-09 11:29:21.840 [warning] [Decorations] CAPPING events from decorations provider vscode.git 7045
2023-03-09 11:29:27.523 [warning] [Decorations] CAPPING events from decorations provider vscode.git 7045
2023-03-09 11:29:33.190 [warning] [Decorations] CAPPING events from decorations provider vscode.git 7045
2023-03-09 11:29:38.821 [warning] [Decorations] CAPPING events from decorations provider vscode.git 7045
2023-03-09 11:29:44.505 [warning] [Decorations] CAPPING events from decorations provider vscode.git 7045
2023-03-09 11:29:50.129 [warning] [Decorations] CAPPING events from decorations provider vscode.git 7045
2023-03-09 11:29:55.793 [warning] [Decorations] CAPPING events from decorations provider vscode.git 7045
2023-03-09 11:30:01.407 [warning] [Decorations] CAPPING events from decorations provider vscode.git 7045
2023-03-09 11:30:07.066 [warning] [Decorations] CAPPING events from decorations provider vscode.git 7045
2023-03-09 11:30:17.631 [warning] [Decorations] CAPPING events from decorations provider vscode.git 7045
2023-03-09 11:30:23.282 [warning] [Decorations] CAPPING events from decorations provider vscode.git 7045
2023-03-09 11:30:28.894 [warning] [Decorations] CAPPING events from decorations provider vscode.git 7045
2023-03-09 11:30:34.556 [warning] [Decorations] CAPPING events from decorations provider vscode.git 7045
2023-03-09 11:30:42.195 [warning] [Decorations] CAPPING events from decorations provider vscode.git 7045
2023-03-09 11:30:49.838 [warning] [Decorations] CAPPING events from decorations provider vscode.git 7045
2023-03-09 11:30:55.445 [warning] [Decorations] CAPPING events from decorations provider vscode.git 7045
2023-03-09 11:31:01.273 [warning] [Decorations] CAPPING events from decorations provider vscode.git 7045
2023-03-09 11:31:06.928 [warning] [Decorations] CAPPING events from decorations provider vscode.git 7045
2023-03-09 11:31:12.616 [warning] [Decorations] CAPPING events from decorations provider vscode.git 7045
2023-03-09 11:31:23.275 [warning] [Decorations] CAPPING events from decorations provider vscode.git 7045
2023-03-09 11:31:29.004 [warning] [Decorations] CAPPING events from decorations provider vscode.git 7045
2023-03-09 11:31:34.613 [warning] [Decorations] CAPPING events from decorations provider vscode.git 7045
2023-03-09 11:31:40.362 [warning] [Decorations] CAPPING events from decorations provider vscode.git 7045
2023-03-09 11:31:45.972 [warning] [Decorations] CAPPING events from decorations provider vscode.git 7045
2023-03-09 11:31:51.634 [warning] [Decorations] CAPPING events from decorations provider vscode.git 7045
2023-03-09 11:31:57.249 [warning] [Decorations] CAPPING events from decorations provider vscode.git 7045
2023-03-09 11:32:02.887 [warning] [Decorations] CAPPING events from decorations provider vscode.git 7045
2023-03-09 11:32:08.551 [warning] [Decorations] CAPPING events from decorations provider vscode.git 7045
2023-03-09 11:32:14.378 [warning] [Decorations] CAPPING events from decorations provider vscode.git 7045
2023-03-09 11:32:20.108 [warning] [Decorations] CAPPING events from decorations provider vscode.git 7045
2023-03-09 11:32:25.784 [warning] [Decorations] CAPPING events from decorations provider vscode.git 7045
2023-03-09 11:32:31.404 [warning] [Decorations] CAPPING events from decorations provider vscode.git 7045
2023-03-09 11:32:37.129 [warning] [Decorations] CAPPING events from decorations provider vscode.git 7045
2023-03-09 11:33:03.718 [warning] [Decorations] CAPPING events from decorations provider vscode.git 7045
2023-03-09 11:33:09.587 [warning] [Decorations] CAPPING events from decorations provider vscode.git 7045
2023-03-09 11:33:31.843 [warning] [Decorations] CAPPING events from decorations provider vscode.git 7045
2023-03-09 11:33:56.383 [warning] [Decorations] CAPPING events from decorations provider vscode.git 7045
2023-03-09 11:34:02.067 [warning] [Decorations] CAPPING events from decorations provider vscode.git 7045
2023-03-09 11:34:07.735 [warning] [Decorations] CAPPING events from decorations provider vscode.git 7045
2023-03-09 11:34:13.482 [warning] [Decorations] CAPPING events from decorations provider vscode.git 7045
2023-03-09 11:34:19.337 [warning] [Decorations] CAPPING events from decorations provider vscode.git 7045
2023-03-09 11:34:25.029 [warning] [Decorations] CAPPING events from decorations provider vscode.git 7045
2023-03-09 11:34:30.728 [warning] [Decorations] CAPPING events from decorations provider vscode.git 7045
2023-03-09 11:34:36.481 [warning] [Decorations] CAPPING events from decorations provider vscode.git 7045
2023-03-09 11:34:42.166 [warning] [Decorations] CAPPING events from decorations provider vscode.git 7045
2023-03-09 11:34:48.202 [warning] [Decorations] CAPPING events from decorations provider vscode.git 7045
2023-03-09 11:34:53.870 [warning] [Decorations] CAPPING events from decorations provider vscode.git 7045
2023-03-09 11:34:59.663 [warning] [Decorations] CAPPING events from decorations provider vscode.git 7045
2023-03-09 11:35:05.290 [warning] [Decorations] CAPPING events from decorations provider vscode.git 7045
2023-03-09 11:35:11.190 [warning] [Decorations] CAPPING events from decorations provider vscode.git 7045
2023-03-09 11:35:16.953 [warning] [Decorations] CAPPING events from decorations provider vscode.git 7045
2023-03-09 11:35:22.737 [warning] [Decorations] CAPPING events from decorations provider vscode.git 7045
2023-03-09 11:35:28.346 [warning] [Decorations] CAPPING events from decorations provider vscode.git 7045
2023-03-09 11:35:34.216 [warning] [Decorations] CAPPING events from decorations provider vscode.git 7045
2023-03-09 11:35:39.880 [warning] [Decorations] CAPPING events from decorations provider vscode.git 7045
2023-03-09 11:35:45.765 [warning] [Decorations] CAPPING events from decorations provider vscode.git 7045
2023-03-09 11:35:51.406 [warning] [Decorations] CAPPING events from decorations provider vscode.git 7045
2023-03-09 11:35:57.368 [warning] [Decorations] CAPPING events from decorations provider vscode.git 7045
2023-03-09 11:36:04.520 [warning] [Decorations] CAPPING events from decorations provider vscode.git 7045
2023-03-09 11:36:10.415 [warning] [Decorations] CAPPING events from decorations provider vscode.git 7045
2023-03-09 11:36:16.159 [warning] [Decorations] CAPPING events from decorations provider vscode.git 7045
2023-03-09 11:36:21.868 [warning] [Decorations] CAPPING events from decorations provider vscode.git 7045
2023-03-09 11:36:27.467 [warning] [Decorations] CAPPING events from decorations provider vscode.git 7045
2023-03-09 11:36:36.050 [warning] [Decorations] CAPPING events from decorations provider vscode.git 7045
2023-03-09 11:36:41.723 [warning] [Decorations] CAPPING events from decorations provider vscode.git 7045
2023-03-09 11:36:49.288 [warning] [Decorations] CAPPING events from decorations provider vscode.git 7045
2023-03-09 11:36:54.942 [warning] [Decorations] CAPPING events from decorations provider vscode.git 7045
2023-03-09 11:37:00.587 [warning] [Decorations] CAPPING events from decorations provider vscode.git 7045
2023-03-09 11:37:06.196 [warning] [Decorations] CAPPING events from decorations provider vscode.git 7045
2023-03-09 11:37:11.974 [warning] [Decorations] CAPPING events from decorations provider vscode.git 7045
2023-03-09 11:37:17.587 [warning] [Decorations] CAPPING events from decorations provider vscode.git 7045
2023-03-09 11:37:23.372 [warning] [Decorations] CAPPING events from decorations provider vscode.git 7045
2023-03-09 11:37:29.070 [warning] [Decorations] CAPPING events from decorations provider vscode.git 7045
2023-03-09 11:37:34.727 [warning] [Decorations] CAPPING events from decorations provider vscode.git 7045
2023-03-09 11:37:40.417 [warning] [Decorations] CAPPING events from decorations provider vscode.git 7045
2023-03-09 11:37:46.148 [warning] [Decorations] CAPPING events from decorations provider vscode.git 7045
2023-03-09 11:37:51.765 [warning] [Decorations] CAPPING events from decorations provider vscode.git 7045
2023-03-09 11:37:58.351 [warning] [Decorations] CAPPING events from decorations provider vscode.git 7045
2023-03-09 11:38:03.976 [warning] [Decorations] CAPPING events from decorations provider vscode.git 7045
2023-03-09 11:38:09.639 [warning] [Decorations] CAPPING events from decorations provider vscode.git 7045
2023-03-09 11:38:15.343 [warning] [Decorations] CAPPING events from decorations provider vscode.git 7045
2023-03-09 11:38:21.115 [warning] [Decorations] CAPPING events from decorations provider vscode.git 7045
2023-03-09 11:38:26.723 [warning] [Decorations] CAPPING events from decorations provider vscode.git 7045
2023-03-09 11:38:32.455 [warning] [Decorations] CAPPING events from decorations provider vscode.git 7045
2023-03-09 11:38:38.075 [warning] [Decorations] CAPPING events from decorations provider vscode.git 7045
2023-03-09 11:38:44.777 [warning] [Decorations] CAPPING events from decorations provider vscode.git 7045
2023-03-09 11:38:50.495 [warning] [Decorations] CAPPING events from decorations provider vscode.git 7045
2023-03-09 11:38:56.152 [warning] [Decorations] CAPPING events from decorations provider vscode.git 7045
2023-03-09 11:39:01.890 [warning] [Decorations] CAPPING events from decorations provider vscode.git 7045
2023-03-09 11:39:07.788 [warning] [Decorations] CAPPING events from decorations provider vscode.git 7045
2023-03-09 11:39:13.400 [warning] [Decorations] CAPPING events from decorations provider vscode.git 7045
2023-03-09 11:39:19.072 [warning] [Decorations] CAPPING events from decorations provider vscode.git 7045
2023-03-09 11:39:24.686 [warning] [Decorations] CAPPING events from decorations provider vscode.git 7045
2023-03-09 11:39:30.335 [warning] [Decorations] CAPPING events from decorations provider vscode.git 7045
2023-03-09 11:39:35.951 [warning] [Decorations] CAPPING events from decorations provider vscode.git 7045
2023-03-09 11:39:41.581 [warning] [Decorations] CAPPING events from decorations provider vscode.git 7045
2023-03-09 11:39:47.223 [warning] [Decorations] CAPPING events from decorations provider vscode.git 7045
2023-03-09 11:40:00.137 [warning] [Decorations] CAPPING events from decorations provider vscode.git 7045
2023-03-09 11:40:05.878 [warning] [Decorations] CAPPING events from decorations provider vscode.git 7045
2023-03-09 11:40:11.563 [warning] [Decorations] CAPPING events from decorations provider vscode.git 7045
2023-03-09 11:40:17.259 [warning] [Decorations] CAPPING events from decorations provider vscode.git 7045
2023-03-09 11:40:22.865 [warning] [Decorations] CAPPING events from decorations provider vscode.git 7045
2023-03-09 11:40:29.429 [warning] [Decorations] CAPPING events from decorations provider vscode.git 7045
2023-03-09 11:40:35.102 [warning] [Decorations] CAPPING events from decorations provider vscode.git 7045
2023-03-09 11:40:40.866 [warning] [Decorations] CAPPING events from decorations provider vscode.git 7045
2023-03-09 11:40:47.522 [warning] [Decorations] CAPPING events from decorations provider vscode.git 7045
2023-03-09 11:40:53.123 [warning] [Decorations] CAPPING events from decorations provider vscode.git 7045
